TN:
SF:/usr/include/c++/9/ext/type_traits.h
FN:152,_ZN9__gnu_cxx17__is_null_pointerIcEEbPT_
FNDA:0,_ZN9__gnu_cxx17__is_null_pointerIcEEbPT_
FN:152,_ZN9__gnu_cxx17__is_null_pointerIKcEEbPT_
FNDA:0,_ZN9__gnu_cxx17__is_null_pointerIKcEEbPT_
DA:152,0
DA:153,0
DA:152,0
DA:153,0
end_of_record
SF:/usr/include/c++/9/bits/stl_pair.h
FN:341,_ZNSt4pairImmEC2ImmLb1EEEOT_OT0_
FNDA:24,_ZNSt4pairImmEC2ImmLb1EEEOT_OT0_
FN:341,_ZNSt4pairIiiEC2IRiS2_Lb1EEEOT_OT0_
FNDA:1888,_ZNSt4pairIiiEC2IRiS2_Lb1EEEOT_OT0_
FN:524,_ZSt9make_pairImmESt4pairINSt17__decay_and_stripIT_E6__typeENS1_IT0_E6__typeEEOS2_OS5_
FNDA:24,_ZSt9make_pairImmESt4pairINSt17__decay_and_stripIT_E6__typeENS1_IT0_E6__typeEEOS2_OS5_
DA:341,24
DA:342,24
DA:341,1888
DA:342,1888
DA:524,24
DA:529,24
end_of_record
SF:/usr/include/c++/9/bits/stl_numeric.h
FN:87,_ZSt4iotaIN9__gnu_cxx17__normal_iteratorIPiSt6vectorIiSaIiEEEEiEvT_S7_T0_
FNDA:6,_ZSt4iotaIN9__gnu_cxx17__normal_iteratorIPiSt6vectorIiSaIiEEEEiEvT_S7_T0_
DA:87,60
DA:96,60
DA:98,54
DA:99,54
DA:101,6
end_of_record
SF:/usr/include/c++/9/new
FN:173,_ZnwmPv
FNDA:6194,_ZnwmPv
FN:179,_ZdlPvS_
FNDA:0,_ZdlPvS_
DA:173,6194
DA:174,6194
DA:179,0
end_of_record
SF:/usr/include/c++/9/bits/alloc_traits.h
FN:442,_ZNSt16allocator_traitsISaIcEE8allocateERS0_m
FNDA:3911,_ZNSt16allocator_traitsISaIcEE8allocateERS0_m
FN:442,_ZNSt16allocator_traitsISaISt4pairIiiEEE8allocateERS2_m
FNDA:27,_ZNSt16allocator_traitsISaISt4pairIiiEEE8allocateERS2_m
FN:442,_ZNSt16allocator_traitsISaISt6vectorIcSaIcEEEE8allocateERS3_m
FNDA:430,_ZNSt16allocator_traitsISaISt6vectorIcSaIcEEEE8allocateERS3_m
FN:442,_ZNSt16allocator_traitsISaIiEE8allocateERS0_m
FNDA:9,_ZNSt16allocator_traitsISaIiEE8allocateERS0_m
FN:442,_ZNSt16allocator_traitsISaISt6vectorIS0_IcSaIcEESaIS2_EEEE8allocateERS5_m
FNDA:111,_ZNSt16allocator_traitsISaISt6vectorIS0_IcSaIcEESaIS2_EEEE8allocateERS5_m
FN:468,_ZNSt16allocator_traitsISaISt6vectorIS0_IcSaIcEESaIS2_EEEE10deallocateERS5_PS4_m
FNDA:111,_ZNSt16allocator_traitsISaISt6vectorIS0_IcSaIcEESaIS2_EEEE10deallocateERS5_PS4_m
FN:468,_ZNSt16allocator_traitsISaISt6vectorIcSaIcEEEE10deallocateERS3_PS2_m
FNDA:430,_ZNSt16allocator_traitsISaISt6vectorIcSaIcEEEE10deallocateERS3_PS2_m
FN:468,_ZNSt16allocator_traitsISaIiEE10deallocateERS0_Pim
FNDA:9,_ZNSt16allocator_traitsISaIiEE10deallocateERS0_Pim
FN:468,_ZNSt16allocator_traitsISaISt4pairIiiEEE10deallocateERS2_PS1_m
FNDA:27,_ZNSt16allocator_traitsISaISt4pairIiiEEE10deallocateERS2_PS1_m
FN:468,_ZNSt16allocator_traitsISaIcEE10deallocateERS0_Pcm
FNDA:3911,_ZNSt16allocator_traitsISaIcEE10deallocateERS0_Pcm
FN:481,_ZNSt16allocator_traitsISaISt4pairIiiEEE9constructIS1_JS1_EEEvRS2_PT_DpOT0_
FNDA:2108,_ZNSt16allocator_traitsISaISt4pairIiiEEE9constructIS1_JS1_EEEvRS2_PT_DpOT0_
FN:481,_ZNSt16allocator_traitsISaIcEE9constructIcJRKcEEEvRS0_PT_DpOT0_
FNDA:0,_ZNSt16allocator_traitsISaIcEE9constructIcJRKcEEEvRS0_PT_DpOT0_
FN:481,_ZNSt16allocator_traitsISaISt6vectorIcSaIcEEEE9constructIS2_JS2_EEEvRS3_PT_DpOT0_
FNDA:0,_ZNSt16allocator_traitsISaISt6vectorIcSaIcEEEE9constructIS2_JS2_EEEvRS3_PT_DpOT0_
FN:481,_ZNSt16allocator_traitsISaISt6vectorIS0_IcSaIcEESaIS2_EEEE9constructIS4_JRKS4_EEEvRS5_PT_DpOT0_
FNDA:107,_ZNSt16allocator_traitsISaISt6vectorIS0_IcSaIcEESaIS2_EEEE9constructIS4_JRKS4_EEEvRS5_PT_DpOT0_
FN:481,_ZNSt16allocator_traitsISaISt6vectorIS0_IcSaIcEESaIS2_EEEE9constructIS4_JS4_EEEvRS5_PT_DpOT0_
FNDA:2,_ZNSt16allocator_traitsISaISt6vectorIS0_IcSaIcEESaIS2_EEEE9constructIS4_JS4_EEEvRS5_PT_DpOT0_
FN:494,_ZNSt16allocator_traitsISaIcEE7destroyIcEEvRS0_PT_
FNDA:0,_ZNSt16allocator_traitsISaIcEE7destroyIcEEvRS0_PT_
FN:494,_ZNSt16allocator_traitsISaISt6vectorIS0_IcSaIcEESaIS2_EEEE7destroyIS4_EEvRS5_PT_
FNDA:2,_ZNSt16allocator_traitsISaISt6vectorIS0_IcSaIcEESaIS2_EEEE7destroyIS4_EEvRS5_PT_
FN:494,_ZNSt16allocator_traitsISaISt4pairIiiEEE7destroyIS1_EEvRS2_PT_
FNDA:220,_ZNSt16allocator_traitsISaISt4pairIiiEEE7destroyIS1_EEvRS2_PT_
FN:494,_ZNSt16allocator_traitsISaISt6vectorIcSaIcEEEE7destroyIS2_EEvRS3_PT_
FNDA:0,_ZNSt16allocator_traitsISaISt6vectorIcSaIcEEEE7destroyIS2_EEvRS3_PT_
FN:504,_ZNSt16allocator_traitsISaISt4pairIiiEEE8max_sizeERKS2_
FNDA:54,_ZNSt16allocator_traitsISaISt4pairIiiEEE8max_sizeERKS2_
FN:504,_ZNSt16allocator_traitsISaIcEE8max_sizeERKS0_
FNDA:41,_ZNSt16allocator_traitsISaIcEE8max_sizeERKS0_
FN:504,_ZNSt16allocator_traitsISaIiEE8max_sizeERKS0_
FNDA:8,_ZNSt16allocator_traitsISaIiEE8max_sizeERKS0_
FN:504,_ZNSt16allocator_traitsISaISt6vectorIcSaIcEEEE8max_sizeERKS3_
FNDA:9,_ZNSt16allocator_traitsISaISt6vectorIcSaIcEEEE8max_sizeERKS3_
FN:504,_ZNSt16allocator_traitsISaISt6vectorIS0_IcSaIcEESaIS2_EEEE8max_sizeERKS5_
FNDA:16,_ZNSt16allocator_traitsISaISt6vectorIS0_IcSaIcEESaIS2_EEEE8max_sizeERKS5_
FN:513,_ZNSt16allocator_traitsISaISt6vectorIS0_IcSaIcEESaIS2_EEEE37select_on_container_copy_constructionERKS5_
FNDA:103,_ZNSt16allocator_traitsISaISt6vectorIS0_IcSaIcEESaIS2_EEEE37select_on_container_copy_constructionERKS5_
FN:513,_ZNSt16allocator_traitsISaIiEE37select_on_container_copy_constructionERKS0_
FNDA:1,_ZNSt16allocator_traitsISaIiEE37select_on_container_copy_constructionERKS0_
FN:513,_ZNSt16allocator_traitsISaISt6vectorIcSaIcEEEE37select_on_container_copy_constructionERKS3_
FNDA:421,_ZNSt16allocator_traitsISaISt6vectorIcSaIcEEEE37select_on_container_copy_constructionERKS3_
FN:513,_ZNSt16allocator_traitsISaIcEE37select_on_container_copy_constructionERKS0_
FNDA:3870,_ZNSt16allocator_traitsISaIcEE37select_on_container_copy_constructionERKS0_
FN:544,_ZSt18__do_alloc_on_moveISaISt6vectorIcSaIcEEEEvRT_S5_St17integral_constantIbLb1EE
FNDA:0,_ZSt18__do_alloc_on_moveISaISt6vectorIcSaIcEEEEvRT_S5_St17integral_constantIbLb1EE
FN:552,_ZSt15__alloc_on_moveISaISt6vectorIcSaIcEEEEvRT_S5_
FNDA:0,_ZSt15__alloc_on_moveISaISt6vectorIcSaIcEEEEvRT_S5_
DA:442,27
DA:443,27
DA:442,430
DA:443,430
DA:442,9
DA:443,9
DA:442,111
DA:443,111
DA:442,3911
DA:443,3911
DA:468,430
DA:469,430
DA:468,9
DA:469,9
DA:468,27
DA:469,27
DA:468,111
DA:469,111
DA:468,3911
DA:469,3911
DA:481,0
DA:483,0
DA:481,2
DA:483,2
DA:481,2108
DA:483,2108
DA:481,0
DA:483,0
DA:481,107
DA:483,107
DA:494,0
DA:496,0
DA:494,220
DA:496,220
DA:494,0
DA:496,0
DA:494,2
DA:496,2
DA:504,54
DA:505,54
DA:504,16
DA:505,16
DA:504,9
DA:505,9
DA:504,8
DA:505,8
DA:504,41
DA:505,41
DA:513,1
DA:514,1
DA:513,103
DA:514,103
DA:513,421
DA:514,421
DA:513,3870
DA:514,3870
DA:544,0
DA:545,0
DA:552,0
DA:556,0
DA:557,0
end_of_record
SF:/usr/include/c++/9/bits/uniform_int_dist.h
FN:74,_ZNSt24uniform_int_distributionImE10param_typeC2Emm
FNDA:24,_ZNSt24uniform_int_distributionImE10param_typeC2Emm
FN:82,_ZNKSt24uniform_int_distributionImE10param_type1aEv
FNDA:48,_ZNKSt24uniform_int_distributionImE10param_type1aEv
FN:86,_ZNKSt24uniform_int_distributionImE10param_type1bEv
FNDA:24,_ZNKSt24uniform_int_distributionImE10param_type1bEv
FN:106,_ZNSt24uniform_int_distributionImEC2Ev
FNDA:0,_ZNSt24uniform_int_distributionImEC2Ev
FN:112,_ZNSt24uniform_int_distributionImEC2Emm
FNDA:24,_ZNSt24uniform_int_distributionImEC2Emm
FN:172,_ZNSt24uniform_int_distributionImEclISt23mersenne_twister_engineImLm32ELm624ELm397ELm31ELm2567483615ELm11ELm4294967295ELm7ELm2636928640ELm15ELm4022730752ELm18ELm1812433253EEEEmRT_
FNDA:24,_ZNSt24uniform_int_distributionImEclISt23mersenne_twister_engineImLm32ELm624ELm397ELm31ELm2567483615ELm11ELm4294967295ELm7ELm2636928640ELm15ELm4022730752ELm18ELm1812433253EEEEmRT_
FN:225,_ZNSt24uniform_int_distributionImEclISt23mersenne_twister_engineImLm32ELm624ELm397ELm31ELm2567483615ELm11ELm4294967295ELm7ELm2636928640ELm15ELm4022730752ELm18ELm1812433253EEEEmRT_RKNS0_10param_typeE
FNDA:24,_ZNSt24uniform_int_distributionImEclISt23mersenne_twister_engineImLm32ELm624ELm397ELm31ELm2567483615ELm11ELm4294967295ELm7ELm2636928640ELm15ELm4022730752ELm18ELm1812433253EEEEmRT_RKNS0_10param_typeE
DA:74,24
DA:76,24
DA:79,24
DA:82,48
DA:83,48
DA:86,24
DA:87,24
DA:106,0
DA:112,24
DA:114,24
DA:115,24
DA:172,24
DA:173,24
DA:225,24
DA:235,24
DA:236,24
DA:237,24
DA:238,24
DA:239,24
DA:243,24
DA:246,24
DA:247,24
DA:248,24
DA:249,0
DA:250,24
DA:251,24
DA:252,24
DA:254,0
DA:272,0
DA:274,0
DA:275,0
DA:277,0
DA:279,0
DA:282,0
DA:284,24
end_of_record
SF:/usr/include/gtest/gtest.h
FN:293,_ZN7testing15AssertionResultC2IbEERKT_PNSt9enable_ifIXntsrSt14is_convertibleIS2_S0_E5valueEvE4typeE
FNDA:4,_ZN7testing15AssertionResultC2IbEERKT_PNSt9enable_ifIXntsrSt14is_convertibleIS2_S0_E5valueEvE4typeE
FN:312,_ZNK7testing15AssertionResultcvbEv
FNDA:13,_ZNK7testing15AssertionResultcvbEv
FN:321,_ZNK7testing15AssertionResult7messageEv
FNDA:0,_ZNK7testing15AssertionResult7messageEv
FN:325,_ZNK7testing15AssertionResult15failure_messageEv
FNDA:0,_ZNK7testing15AssertionResult15failure_messageEv
FN:328,_ZN7testing15AssertionResultlsIA5_cEERS0_RKT_
FNDA:0,_ZN7testing15AssertionResultlsIA5_cEERS0_RKT_
FN:328,_ZN7testing15AssertionResultlsINSt7__cxx1112basic_stringIcSt11char_traitsIcESaIcEEEEERS0_RKT_
FNDA:0,_ZN7testing15AssertionResultlsINSt7__cxx1112basic_stringIcSt11char_traitsIcESaIcEEEEERS0_RKT_
FN:328,_ZN7testing15AssertionResultlsIA3_cEERS0_RKT_
FNDA:0,_ZN7testing15AssertionResultlsIA3_cEERS0_RKT_
FN:328,_ZN7testing15AssertionResultlsIPKcEERS0_RKT_
FNDA:0,_ZN7testing15AssertionResultlsIPKcEERS0_RKT_
FN:328,_ZN7testing15AssertionResultlsIA12_cEERS0_RKT_
FNDA:0,_ZN7testing15AssertionResultlsIA12_cEERS0_RKT_
FN:343,_ZN7testing15AssertionResult13AppendMessageERKNS_7MessageE
FNDA:0,_ZN7testing15AssertionResult13AppendMessageERKNS_7MessageE
FN:417,_ZN7testing4Test14SetUpTestSuiteEv
FNDA:0,_ZN7testing4Test14SetUpTestSuiteEv
FN:427,_ZN7testing4Test17TearDownTestSuiteEv
FNDA:0,_ZN7testing4Test17TearDownTestSuiteEv
FN:431,_ZN7testing4Test16TearDownTestCaseEv
FNDA:0,_ZN7testing4Test16TearDownTestCaseEv
FN:432,_ZN7testing4Test13SetUpTestCaseEv
FNDA:0,_ZN7testing4Test13SetUpTestCaseEv
FN:513,_ZN7testing4Test5SetupEv
FNDA:0,_ZN7testing4Test5SetupEv
FN:1504,_ZN7testing8internal18CmpHelperEQFailureISt6vectorIS2_IcSaIcEESaIS4_EES6_EENS_15AssertionResultEPKcS9_RKT_RKT0_
FNDA:0,_ZN7testing8internal18CmpHelperEQFailureISt6vectorIS2_IcSaIcEESaIS4_EES6_EENS_15AssertionResultEPKcS9_RKT_RKT0_
FN:1504,_ZN7testing8internal18CmpHelperEQFailureIccEENS_15AssertionResultEPKcS4_RKT_RKT0_
FNDA:0,_ZN7testing8internal18CmpHelperEQFailureIccEENS_15AssertionResultEPKcS4_RKT_RKT0_
FN:1504,_ZN7testing8internal18CmpHelperEQFailureImiEENS_15AssertionResultEPKcS4_RKT_RKT0_
FNDA:0,_ZN7testing8internal18CmpHelperEQFailureImiEENS_15AssertionResultEPKcS4_RKT_RKT0_
FN:1504,_ZN7testing8internal18CmpHelperEQFailureIiiEENS_15AssertionResultEPKcS4_RKT_RKT0_
FNDA:0,_ZN7testing8internal18CmpHelperEQFailureIiiEENS_15AssertionResultEPKcS4_RKT_RKT0_
FN:1523,_ZN7testing8internal11CmpHelperEQIccEENS_15AssertionResultEPKcS4_RKT_RKT0_
FNDA:1,_ZN7testing8internal11CmpHelperEQIccEENS_15AssertionResultEPKcS4_RKT_RKT0_
FN:1523,_ZN7testing8internal11CmpHelperEQIiiEENS_15AssertionResultEPKcS4_RKT_RKT0_
FNDA:2,_ZN7testing8internal11CmpHelperEQIiiEENS_15AssertionResultEPKcS4_RKT_RKT0_
FN:1523,_ZN7testing8internal11CmpHelperEQImiEENS_15AssertionResultEPKcS4_RKT_RKT0_
FNDA:2,_ZN7testing8internal11CmpHelperEQImiEENS_15AssertionResultEPKcS4_RKT_RKT0_
FN:1523,_ZN7testing8internal11CmpHelperEQISt6vectorIS2_IcSaIcEESaIS4_EES6_EENS_15AssertionResultEPKcS9_RKT_RKT0_
FNDA:1,_ZN7testing8internal11CmpHelperEQISt6vectorIS2_IcSaIcEESaIS4_EES6_EENS_15AssertionResultEPKcS9_RKT_RKT0_
FN:1551,_ZN7testing8internal8EqHelper7CompareIccLPv0EEENS_15AssertionResultEPKcS6_RKT_RKT0_
FNDA:1,_ZN7testing8internal8EqHelper7CompareIccLPv0EEENS_15AssertionResultEPKcS6_RKT_RKT0_
FN:1551,_ZN7testing8internal8EqHelper7CompareISt6vectorIS3_IcSaIcEESaIS5_EES7_LPv0EEENS_15AssertionResultEPKcSB_RKT_RKT0_
FNDA:1,_ZN7testing8internal8EqHelper7CompareISt6vectorIS3_IcSaIcEESaIS5_EES7_LPv0EEENS_15AssertionResultEPKcSB_RKT_RKT0_
FN:1551,_ZN7testing8internal8EqHelper7CompareImiLPv0EEENS_15AssertionResultEPKcS6_RKT_RKT0_
FNDA:2,_ZN7testing8internal8EqHelper7CompareImiLPv0EEENS_15AssertionResultEPKcS6_RKT_RKT0_
FN:1551,_ZN7testing8internal8EqHelper7CompareIiiLPv0EEENS_15AssertionResultEPKcS6_RKT_RKT0_
FNDA:2,_ZN7testing8internal8EqHelper7CompareIiiLPv0EEENS_15AssertionResultEPKcS6_RKT_RKT0_
FN:1585,_ZN7testing8internal18CmpHelperOpFailureIiiEENS_15AssertionResultEPKcS4_RKT_RKT0_S4_
FNDA:0,_ZN7testing8internal18CmpHelperOpFailureIiiEENS_15AssertionResultEPKcS4_RKT_RKT0_S4_
FN:1585,_ZN7testing8internal18CmpHelperOpFailureIccEENS_15AssertionResultEPKcS4_RKT_RKT0_S4_
FNDA:0,_ZN7testing8internal18CmpHelperOpFailureIccEENS_15AssertionResultEPKcS4_RKT_RKT0_S4_
FN:1585,_ZN7testing8internal18CmpHelperOpFailureISt6vectorIiSaIiEES4_EENS_15AssertionResultEPKcS7_RKT_RKT0_S7_
FNDA:0,_ZN7testing8internal18CmpHelperOpFailureISt6vectorIiSaIiEES4_EENS_15AssertionResultEPKcS7_RKT_RKT0_S7_
FN:1621,_ZN7testing8internal11CmpHelperNEIccEENS_15AssertionResultEPKcS4_RKT_RKT0_
FNDA:1,_ZN7testing8internal11CmpHelperNEIccEENS_15AssertionResultEPKcS4_RKT_RKT0_
FN:1621,_ZN7testing8internal11CmpHelperNEISt6vectorIiSaIiEES4_EENS_15AssertionResultEPKcS7_RKT_RKT0_
FNDA:1,_ZN7testing8internal11CmpHelperNEISt6vectorIiSaIiEES4_EENS_15AssertionResultEPKcS7_RKT_RKT0_
FN:1621,_ZN7testing8internal11CmpHelperNEIiiEENS_15AssertionResultEPKcS4_RKT_RKT0_
FNDA:1,_ZN7testing8internal11CmpHelperNEIiiEENS_15AssertionResultEPKcS4_RKT_RKT0_
FN:1623,_ZN7testing8internal11CmpHelperLEIiiEENS_15AssertionResultEPKcS4_RKT_RKT0_
FNDA:0,_ZN7testing8internal11CmpHelperLEIiiEENS_15AssertionResultEPKcS4_RKT_RKT0_
FN:1627,_ZN7testing8internal11CmpHelperGEIiiEENS_15AssertionResultEPKcS4_RKT_RKT0_
FNDA:0,_ZN7testing8internal11CmpHelperGEIiiEENS_15AssertionResultEPKcS4_RKT_RKT0_
FN:2472,_Z13RUN_ALL_TESTSv
FNDA:1,_Z13RUN_ALL_TESTSv
DA:293,4
DA:299,4
DA:312,13
DA:321,0
DA:322,0
DA:325,0
DA:328,0
DA:329,0
DA:330,0
DA:328,0
DA:329,0
DA:330,0
DA:328,0
DA:329,0
DA:330,0
DA:328,0
DA:329,0
DA:330,0
DA:328,0
DA:329,0
DA:330,0
DA:343,0
DA:344,0
DA:345,0
DA:346,0
DA:417,0
DA:427,0
DA:431,0
DA:432,0
DA:513,0
DA:1504,0
DA:1511,0
DA:1504,0
DA:1511,0
DA:1504,0
DA:1511,0
DA:1504,0
DA:1511,0
DA:1523,1
DA:1527,1
DA:1528,1
DA:1531,0
DA:1523,1
DA:1527,1
DA:1528,1
DA:1531,0
DA:1523,2
DA:1527,2
DA:1528,2
DA:1531,0
DA:1523,2
DA:1527,2
DA:1528,2
DA:1531,0
DA:1551,1
DA:1554,1
DA:1551,1
DA:1554,1
DA:1551,2
DA:1554,2
DA:1551,2
DA:1554,2
DA:1585,0
DA:1589,0
DA:1590,0
DA:1591,0
DA:1585,0
DA:1589,0
DA:1590,0
DA:1591,0
DA:1585,0
DA:1589,0
DA:1590,0
DA:1591,0
DA:1621,1
DA:1621,1
DA:1621,1
DA:1623,0
DA:1627,0
DA:2472,1
DA:2473,1
end_of_record
SF:/usr/include/c++/9/bits/stl_iterator.h
FN:803,_ZN9__gnu_cxx17__normal_iteratorIPiSt6vectorIiSaIiEEEC2ERKS1_
FNDA:126,_ZN9__gnu_cxx17__normal_iteratorIPiSt6vectorIiSaIiEEEC2ERKS1_
FN:803,_ZN9__gnu_cxx17__normal_iteratorIPKSt6vectorIcSaIcEES1_IS3_SaIS3_EEEC2ERKS5_
FNDA:845,_ZN9__gnu_cxx17__normal_iteratorIPKSt6vectorIcSaIcEES1_IS3_SaIS3_EEEC2ERKS5_
FN:803,_ZN9__gnu_cxx17__normal_iteratorIPSt6vectorIS1_IcSaIcEESaIS3_EES1_IS5_SaIS5_EEEC2ERKS6_
FNDA:16,_ZN9__gnu_cxx17__normal_iteratorIPSt6vectorIS1_IcSaIcEESaIS3_EES1_IS5_SaIS5_EEEC2ERKS6_
FN:803,_ZN9__gnu_cxx17__normal_iteratorIPKSt6vectorIS1_IcSaIcEESaIS3_EES1_IS5_SaIS5_EEEC2ERKS7_
FNDA:206,_ZN9__gnu_cxx17__normal_iteratorIPKSt6vectorIS1_IcSaIcEESaIS3_EES1_IS5_SaIS5_EEEC2ERKS7_
FN:803,_ZN9__gnu_cxx17__normal_iteratorIPcSt6vectorIcSaIcEEEC2ERKS1_
FNDA:0,_ZN9__gnu_cxx17__normal_iteratorIPcSt6vectorIcSaIcEEEC2ERKS1_
FN:803,_ZN9__gnu_cxx17__normal_iteratorIPKcSt6vectorIcSaIcEEEC2ERKS2_
FNDA:7767,_ZN9__gnu_cxx17__normal_iteratorIPKcSt6vectorIcSaIcEEEC2ERKS2_
FN:803,_ZN9__gnu_cxx17__normal_iteratorIPKiSt6vectorIiSaIiEEEC2ERKS2_
FNDA:5,_ZN9__gnu_cxx17__normal_iteratorIPKiSt6vectorIiSaIiEEEC2ERKS2_
FN:803,_ZN9__gnu_cxx17__normal_iteratorIPSt4pairIiiESt6vectorIS2_SaIS2_EEEC2ERKS3_
FNDA:54,_ZN9__gnu_cxx17__normal_iteratorIPSt4pairIiiESt6vectorIS2_SaIS2_EEEC2ERKS3_
FN:803,_ZN9__gnu_cxx17__normal_iteratorIPSt6vectorIcSaIcEES1_IS3_SaIS3_EEEC2ERKS4_
FNDA:0,_ZN9__gnu_cxx17__normal_iteratorIPSt6vectorIcSaIcEES1_IS3_SaIS3_EEEC2ERKS4_
FN:816,_ZNK9__gnu_cxx17__normal_iteratorIPKSt6vectorIS1_IcSaIcEESaIS3_EES1_IS5_SaIS5_EEEdeEv
FNDA:107,_ZNK9__gnu_cxx17__normal_iteratorIPKSt6vectorIS1_IcSaIcEESaIS3_EES1_IS5_SaIS5_EEEdeEv
FN:816,_ZNK9__gnu_cxx17__normal_iteratorIPiSt6vectorIiSaIiEEEdeEv
FNDA:150,_ZNK9__gnu_cxx17__normal_iteratorIPiSt6vectorIiSaIiEEEdeEv
FN:816,_ZNK9__gnu_cxx17__normal_iteratorIPKSt6vectorIcSaIcEES1_IS3_SaIS3_EEEdeEv
FNDA:3789,_ZNK9__gnu_cxx17__normal_iteratorIPKSt6vectorIcSaIcEES1_IS3_SaIS3_EEEdeEv
FN:816,_ZNK9__gnu_cxx17__normal_iteratorIPKcSt6vectorIcSaIcEEEdeEv
FNDA:0,_ZNK9__gnu_cxx17__normal_iteratorIPKcSt6vectorIcSaIcEEEdeEv
FN:816,_ZNK9__gnu_cxx17__normal_iteratorIPKiSt6vectorIiSaIiEEEdeEv
FNDA:0,_ZNK9__gnu_cxx17__normal_iteratorIPKiSt6vectorIiSaIiEEEdeEv
FN:824,_ZN9__gnu_cxx17__normal_iteratorIPKcSt6vectorIcSaIcEEEppEv
FNDA:0,_ZN9__gnu_cxx17__normal_iteratorIPKcSt6vectorIcSaIcEEEppEv
FN:824,_ZN9__gnu_cxx17__normal_iteratorIPKSt6vectorIS1_IcSaIcEESaIS3_EES1_IS5_SaIS5_EEEppEv
FNDA:107,_ZN9__gnu_cxx17__normal_iteratorIPKSt6vectorIS1_IcSaIcEESaIS3_EES1_IS5_SaIS5_EEEppEv
FN:824,_ZN9__gnu_cxx17__normal_iteratorIPKSt6vectorIcSaIcEES1_IS3_SaIS3_EEEppEv
FNDA:3789,_ZN9__gnu_cxx17__normal_iteratorIPKSt6vectorIcSaIcEES1_IS3_SaIS3_EEEppEv
FN:824,_ZN9__gnu_cxx17__normal_iteratorIPKiSt6vectorIiSaIiEEEppEv
FNDA:0,_ZN9__gnu_cxx17__normal_iteratorIPKiSt6vectorIiSaIiEEEppEv
FN:824,_ZN9__gnu_cxx17__normal_iteratorIPiSt6vectorIiSaIiEEEppEv
FNDA:54,_ZN9__gnu_cxx17__normal_iteratorIPiSt6vectorIiSaIiEEEppEv
FN:831,_ZN9__gnu_cxx17__normal_iteratorIPiSt6vectorIiSaIiEEEppEi
FNDA:48,_ZN9__gnu_cxx17__normal_iteratorIPiSt6vectorIiSaIiEEEppEi
FN:856,_ZNK9__gnu_cxx17__normal_iteratorIPiSt6vectorIiSaIiEEEplEl
FNDA:54,_ZNK9__gnu_cxx17__normal_iteratorIPiSt6vectorIiSaIiEEEplEl
FN:868,_ZNK9__gnu_cxx17__normal_iteratorIPKcSt6vectorIcSaIcEEE4baseEv
FNDA:7767,_ZNK9__gnu_cxx17__normal_iteratorIPKcSt6vectorIcSaIcEEE4baseEv
FN:868,_ZNK9__gnu_cxx17__normal_iteratorIPSt6vectorIcSaIcEES1_IS3_SaIS3_EEE4baseEv
FNDA:0,_ZNK9__gnu_cxx17__normal_iteratorIPSt6vectorIcSaIcEES1_IS3_SaIS3_EEE4baseEv
FN:868,_ZNK9__gnu_cxx17__normal_iteratorIPSt6vectorIS1_IcSaIcEESaIS3_EES1_IS5_SaIS5_EEE4baseEv
FNDA:32,_ZNK9__gnu_cxx17__normal_iteratorIPSt6vectorIS1_IcSaIcEESaIS3_EES1_IS5_SaIS5_EEE4baseEv
FN:868,_ZNK9__gnu_cxx17__normal_iteratorIPKiSt6vectorIiSaIiEEE4baseEv
FNDA:5,_ZNK9__gnu_cxx17__normal_iteratorIPKiSt6vectorIiSaIiEEE4baseEv
FN:868,_ZNK9__gnu_cxx17__normal_iteratorIPSt4pairIiiESt6vectorIS2_SaIS2_EEE4baseEv
FNDA:108,_ZNK9__gnu_cxx17__normal_iteratorIPSt4pairIiiESt6vectorIS2_SaIS2_EEE4baseEv
FN:868,_ZNK9__gnu_cxx17__normal_iteratorIPKSt6vectorIS1_IcSaIcEESaIS3_EES1_IS5_SaIS5_EEE4baseEv
FNDA:420,_ZNK9__gnu_cxx17__normal_iteratorIPKSt6vectorIS1_IcSaIcEESaIS3_EES1_IS5_SaIS5_EEE4baseEv
FN:868,_ZNK9__gnu_cxx17__normal_iteratorIPiSt6vectorIiSaIiEEE4baseEv
FNDA:252,_ZNK9__gnu_cxx17__normal_iteratorIPiSt6vectorIiSaIiEEE4baseEv
FN:868,_ZNK9__gnu_cxx17__normal_iteratorIPKSt6vectorIcSaIcEES1_IS3_SaIS3_EEE4baseEv
FNDA:8423,_ZNK9__gnu_cxx17__normal_iteratorIPKSt6vectorIcSaIcEES1_IS3_SaIS3_EEE4baseEv
FN:868,_ZNK9__gnu_cxx17__normal_iteratorIPcSt6vectorIcSaIcEEE4baseEv
FNDA:0,_ZNK9__gnu_cxx17__normal_iteratorIPcSt6vectorIcSaIcEEE4baseEv
FN:890,_ZN9__gnu_cxxeqIPiSt6vectorIiSaIiEEEEbRKNS_17__normal_iteratorIT_T0_EESA_
FNDA:6,_ZN9__gnu_cxxeqIPiSt6vectorIiSaIiEEEEbRKNS_17__normal_iteratorIT_T0_EESA_
FN:904,_ZN9__gnu_cxxneIPKiSt6vectorIiSaIiEEEEbRKNS_17__normal_iteratorIT_T0_EESB_
FNDA:0,_ZN9__gnu_cxxneIPKiSt6vectorIiSaIiEEEEbRKNS_17__normal_iteratorIT_T0_EESB_
FN:904,_ZN9__gnu_cxxneIPiSt6vectorIiSaIiEEEEbRKNS_17__normal_iteratorIT_T0_EESA_
FNDA:90,_ZN9__gnu_cxxneIPiSt6vectorIiSaIiEEEEbRKNS_17__normal_iteratorIT_T0_EESA_
FN:904,_ZN9__gnu_cxxneIPKcSt6vectorIcSaIcEEEEbRKNS_17__normal_iteratorIT_T0_EESB_
FNDA:0,_ZN9__gnu_cxxneIPKcSt6vectorIcSaIcEEEEbRKNS_17__normal_iteratorIT_T0_EESB_
FN:904,_ZN9__gnu_cxxneIPKSt6vectorIS1_IcSaIcEESaIS3_EES1_IS5_SaIS5_EEEEbRKNS_17__normal_iteratorIT_T0_EESF_
FNDA:210,_ZN9__gnu_cxxneIPKSt6vectorIS1_IcSaIcEESaIS3_EES1_IS5_SaIS5_EEEEbRKNS_17__normal_iteratorIT_T0_EESF_
FN:904,_ZN9__gnu_cxxneIPKSt6vectorIcSaIcEES1_IS3_SaIS3_EEEEbRKNS_17__normal_iteratorIT_T0_EESD_
FNDA:4210,_ZN9__gnu_cxxneIPKSt6vectorIcSaIcEES1_IS3_SaIS3_EEEEbRKNS_17__normal_iteratorIT_T0_EESD_
FN:986,_ZN9__gnu_cxxmiIPSt4pairIiiESt6vectorIS2_SaIS2_EEEENS_17__normal_iteratorIT_T0_E15difference_typeERKSA_SD_
FNDA:27,_ZN9__gnu_cxxmiIPSt4pairIiiESt6vectorIS2_SaIS2_EEEENS_17__normal_iteratorIT_T0_E15difference_typeERKSA_SD_
FN:986,_ZN9__gnu_cxxmiIPSt6vectorIS1_IcSaIcEESaIS3_EES1_IS5_SaIS5_EEEENS_17__normal_iteratorIT_T0_E15difference_typeERKSC_SF_
FNDA:8,_ZN9__gnu_cxxmiIPSt6vectorIS1_IcSaIcEESaIS3_EES1_IS5_SaIS5_EEEENS_17__normal_iteratorIT_T0_E15difference_typeERKSC_SF_
FN:986,_ZN9__gnu_cxxmiIPiSt6vectorIiSaIiEEEENS_17__normal_iteratorIT_T0_E15difference_typeERKS8_SB_
FNDA:30,_ZN9__gnu_cxxmiIPiSt6vectorIiSaIiEEEENS_17__normal_iteratorIT_T0_E15difference_typeERKS8_SB_
FN:986,_ZN9__gnu_cxxmiIPcSt6vectorIcSaIcEEEENS_17__normal_iteratorIT_T0_E15difference_typeERKS8_SB_
FNDA:0,_ZN9__gnu_cxxmiIPcSt6vectorIcSaIcEEEENS_17__normal_iteratorIT_T0_E15difference_typeERKS8_SB_
FN:986,_ZN9__gnu_cxxmiIPSt6vectorIcSaIcEES1_IS3_SaIS3_EEEENS_17__normal_iteratorIT_T0_E15difference_typeERKSA_SD_
FNDA:0,_ZN9__gnu_cxxmiIPSt6vectorIcSaIcEES1_IS3_SaIS3_EEEENS_17__normal_iteratorIT_T0_E15difference_typeERKSA_SD_
FN:1007,_ZSt12__niter_baseIPKcSt6vectorIcSaIcEEET_N9__gnu_cxx17__normal_iteratorIS5_T0_EE
FNDA:7767,_ZSt12__niter_baseIPKcSt6vectorIcSaIcEEET_N9__gnu_cxx17__normal_iteratorIS5_T0_EE
FN:1007,_ZSt12__niter_baseIPKSt6vectorIcSaIcEES0_IS2_SaIS2_EEET_N9__gnu_cxx17__normal_iteratorIS7_T0_EE
FNDA:3,_ZSt12__niter_baseIPKSt6vectorIcSaIcEES0_IS2_SaIS2_EEET_N9__gnu_cxx17__normal_iteratorIS7_T0_EE
FN:1007,_ZSt12__niter_baseIPKiSt6vectorIiSaIiEEET_N9__gnu_cxx17__normal_iteratorIS5_T0_EE
FNDA:5,_ZSt12__niter_baseIPKiSt6vectorIiSaIiEEET_N9__gnu_cxx17__normal_iteratorIS5_T0_EE
FN:1054,_ZNSt13move_iteratorIPcEC2ES0_
FNDA:0,_ZNSt13move_iteratorIPcEC2ES0_
FN:1054,_ZNSt13move_iteratorIPSt6vectorIS0_IcSaIcEESaIS2_EEEC2ES5_
FNDA:0,_ZNSt13move_iteratorIPSt6vectorIS0_IcSaIcEESaIS2_EEEC2ES5_
FN:1054,_ZNSt13move_iteratorIPSt6vectorIcSaIcEEEC2ES3_
FNDA:0,_ZNSt13move_iteratorIPSt6vectorIcSaIcEEEC2ES3_
FN:1054,_ZNSt13move_iteratorIPSt4pairIiiEEC2ES2_
FNDA:0,_ZNSt13move_iteratorIPSt4pairIiiEEC2ES2_
FN:1063,_ZNKSt13move_iteratorIPcE4baseEv
FNDA:0,_ZNKSt13move_iteratorIPcE4baseEv
FN:1063,_ZNKSt13move_iteratorIPSt6vectorIcSaIcEEE4baseEv
FNDA:0,_ZNKSt13move_iteratorIPSt6vectorIcSaIcEEE4baseEv
FN:1063,_ZNKSt13move_iteratorIPSt4pairIiiEE4baseEv
FNDA:0,_ZNKSt13move_iteratorIPSt4pairIiiEE4baseEv
FN:1063,_ZNKSt13move_iteratorIPSt6vectorIS0_IcSaIcEESaIS2_EEE4baseEv
FNDA:0,_ZNKSt13move_iteratorIPSt6vectorIS0_IcSaIcEESaIS2_EEE4baseEv
FN:1067,_ZNKSt13move_iteratorIPSt4pairIiiEEdeEv
FNDA:0,_ZNKSt13move_iteratorIPSt4pairIiiEEdeEv
FN:1067,_ZNKSt13move_iteratorIPSt6vectorIcSaIcEEEdeEv
FNDA:0,_ZNKSt13move_iteratorIPSt6vectorIcSaIcEEEdeEv
FN:1067,_ZNKSt13move_iteratorIPSt6vectorIS0_IcSaIcEESaIS2_EEEdeEv
FNDA:0,_ZNKSt13move_iteratorIPSt6vectorIS0_IcSaIcEESaIS2_EEEdeEv
FN:1075,_ZNSt13move_iteratorIPSt6vectorIS0_IcSaIcEESaIS2_EEEppEv
FNDA:0,_ZNSt13move_iteratorIPSt6vectorIS0_IcSaIcEESaIS2_EEEppEv
FN:1075,_ZNSt13move_iteratorIPSt4pairIiiEEppEv
FNDA:0,_ZNSt13move_iteratorIPSt4pairIiiEEppEv
FN:1075,_ZNSt13move_iteratorIPSt6vectorIcSaIcEEEppEv
FNDA:0,_ZNSt13move_iteratorIPSt6vectorIcSaIcEEEppEv
FN:1142,_ZSteqIPSt6vectorIS0_IcSaIcEESaIS2_EEEbRKSt13move_iteratorIT_ESA_
FNDA:0,_ZSteqIPSt6vectorIS0_IcSaIcEESaIS2_EEEbRKSt13move_iteratorIT_ESA_
FN:1142,_ZSteqIPSt6vectorIcSaIcEEEbRKSt13move_iteratorIT_ES8_
FNDA:0,_ZSteqIPSt6vectorIcSaIcEEEbRKSt13move_iteratorIT_ES8_
FN:1142,_ZSteqIPSt4pairIiiEEbRKSt13move_iteratorIT_ES7_
FNDA:0,_ZSteqIPSt4pairIiiEEbRKSt13move_iteratorIT_ES7_
FN:1154,_ZStneIPSt4pairIiiEEbRKSt13move_iteratorIT_ES7_
FNDA:0,_ZStneIPSt4pairIiiEEbRKSt13move_iteratorIT_ES7_
FN:1154,_ZStneIPSt6vectorIcSaIcEEEbRKSt13move_iteratorIT_ES8_
FNDA:0,_ZStneIPSt6vectorIcSaIcEEEbRKSt13move_iteratorIT_ES8_
FN:1154,_ZStneIPSt6vectorIS0_IcSaIcEESaIS2_EEEbRKSt13move_iteratorIT_ESA_
FNDA:0,_ZStneIPSt6vectorIS0_IcSaIcEESaIS2_EEEbRKSt13move_iteratorIT_ESA_
FN:1239,_ZSt32__make_move_if_noexcept_iteratorISt6vectorIS0_IcSaIcEESaIS2_EESt13move_iteratorIPS4_EET0_PT_
FNDA:0,_ZSt32__make_move_if_noexcept_iteratorISt6vectorIS0_IcSaIcEESaIS2_EESt13move_iteratorIPS4_EET0_PT_
FN:1239,_ZSt32__make_move_if_noexcept_iteratorIcSt13move_iteratorIPcEET0_PT_
FNDA:0,_ZSt32__make_move_if_noexcept_iteratorIcSt13move_iteratorIPcEET0_PT_
FN:1239,_ZSt32__make_move_if_noexcept_iteratorISt6vectorIcSaIcEESt13move_iteratorIPS2_EET0_PT_
FNDA:0,_ZSt32__make_move_if_noexcept_iteratorISt6vectorIcSaIcEESt13move_iteratorIPS2_EET0_PT_
FN:1239,_ZSt32__make_move_if_noexcept_iteratorISt4pairIiiESt13move_iteratorIPS1_EET0_PT_
FNDA:0,_ZSt32__make_move_if_noexcept_iteratorISt4pairIiiESt13move_iteratorIPS1_EET0_PT_
FN:1259,_ZSt12__miter_baseIPcEDTcl12__miter_basecldtfp_4baseEEESt13move_iteratorIT_E
FNDA:0,_ZSt12__miter_baseIPcEDTcl12__miter_basecldtfp_4baseEEESt13move_iteratorIT_E
DA:803,0
DA:804,0
DA:803,54
DA:804,54
DA:803,5
DA:804,5
DA:803,7767
DA:804,7767
DA:803,0
DA:804,0
DA:803,206
DA:804,206
DA:803,16
DA:804,16
DA:803,845
DA:804,845
DA:803,126
DA:804,126
DA:816,0
DA:817,0
DA:816,0
DA:817,0
DA:816,107
DA:817,107
DA:816,3789
DA:817,3789
DA:816,150
DA:817,150
DA:824,0
DA:826,0
DA:827,0
DA:824,0
DA:826,0
DA:827,0
DA:824,107
DA:826,107
DA:827,107
DA:824,3789
DA:826,3789
DA:827,3789
DA:824,54
DA:826,54
DA:827,54
DA:831,48
DA:832,48
DA:856,54
DA:857,54
DA:868,7767
DA:869,7767
DA:868,5
DA:869,5
DA:868,420
DA:869,420
DA:868,8423
DA:869,8423
DA:868,0
DA:869,0
DA:868,108
DA:869,108
DA:868,0
DA:869,0
DA:868,252
DA:869,252
DA:868,32
DA:869,32
DA:890,6
DA:893,6
DA:904,0
DA:907,0
DA:904,0
DA:907,0
DA:904,210
DA:907,210
DA:904,4210
DA:907,4210
DA:904,90
DA:907,90
DA:986,0
DA:989,0
DA:986,27
DA:989,27
DA:986,0
DA:989,0
DA:986,8
DA:989,8
DA:986,30
DA:989,30
DA:1007,7767
DA:1009,7767
DA:1007,5
DA:1009,5
DA:1007,3
DA:1009,3
DA:1054,0
DA:1055,0
DA:1054,0
DA:1055,0
DA:1054,0
DA:1055,0
DA:1054,0
DA:1055,0
DA:1063,0
DA:1064,0
DA:1063,0
DA:1064,0
DA:1063,0
DA:1064,0
DA:1063,0
DA:1064,0
DA:1067,0
DA:1068,0
DA:1067,0
DA:1068,0
DA:1067,0
DA:1068,0
DA:1075,0
DA:1077,0
DA:1078,0
DA:1075,0
DA:1077,0
DA:1078,0
DA:1075,0
DA:1077,0
DA:1078,0
DA:1142,0
DA:1144,0
DA:1142,0
DA:1144,0
DA:1142,0
DA:1144,0
DA:1154,0
DA:1156,0
DA:1154,0
DA:1156,0
DA:1154,0
DA:1156,0
DA:1239,0
DA:1240,0
DA:1239,0
DA:1240,0
DA:1239,0
DA:1240,0
DA:1239,0
DA:1240,0
DA:1259,0
DA:1261,0
end_of_record
SF:/usr/include/c++/9/chrono
FN:346,_ZNKSt6chrono8durationIlSt5ratioILl1ELl1000000000EEE5countEv
FNDA:6,_ZNKSt6chrono8durationIlSt5ratioILl1ELl1000000000EEE5countEv
FN:649,_ZNKSt6chrono10time_pointINS_3_V212system_clockENS_8durationIlSt5ratioILl1ELl1000000000EEEEE16time_since_epochEv
FNDA:6,_ZNKSt6chrono10time_pointINS_3_V212system_clockENS_8durationIlSt5ratioILl1ELl1000000000EEEEE16time_since_epochEv
DA:346,6
DA:347,6
DA:649,6
DA:650,6
end_of_record
SF:/usr/include/c++/9/bits/random.tcc
FN:325,_ZNSt23mersenne_twister_engineImLm32ELm624ELm397ELm31ELm2567483615ELm11ELm4294967295ELm7ELm2636928640ELm15ELm4022730752ELm18ELm1812433253EE4seedEm
FNDA:6,_ZNSt23mersenne_twister_engineImLm32ELm624ELm397ELm31ELm2567483615ELm11ELm4294967295ELm7ELm2636928640ELm15ELm4022730752ELm18ELm1812433253EE4seedEm
FN:396,_ZNSt23mersenne_twister_engineImLm32ELm624ELm397ELm31ELm2567483615ELm11ELm4294967295ELm7ELm2636928640ELm15ELm4022730752ELm18ELm1812433253EE11_M_gen_randEv
FNDA:6,_ZNSt23mersenne_twister_engineImLm32ELm624ELm397ELm31ELm2567483615ELm11ELm4294967295ELm7ELm2636928640ELm15ELm4022730752ELm18ELm1812433253EE11_M_gen_randEv
FN:452,_ZNSt23mersenne_twister_engineImLm32ELm624ELm397ELm31ELm2567483615ELm11ELm4294967295ELm7ELm2636928640ELm15ELm4022730752ELm18ELm1812433253EEclEv
FNDA:24,_ZNSt23mersenne_twister_engineImLm32ELm624ELm397ELm31ELm2567483615ELm11ELm4294967295ELm7ELm2636928640ELm15ELm4022730752ELm18ELm1812433253EEclEv
DA:325,6
DA:329,6
DA:330,6
DA:332,3744
DA:334,3738
DA:335,3738
DA:336,3738
DA:337,3738
DA:338,3738
DA:339,3738
DA:341,6
DA:342,6
DA:396,6
DA:400,6
DA:401,6
DA:403,1368
DA:405,1362
DA:406,1362
DA:407,2724
DA:408,1362
DA:411,2382
DA:413,2376
DA:414,2376
DA:415,4752
DA:416,2376
DA:419,6
DA:420,6
DA:421,12
DA:422,6
DA:423,6
DA:424,6
DA:452,24
DA:457,24
DA:458,6
DA:461,24
DA:462,24
DA:463,24
DA:464,24
DA:465,24
DA:467,24
end_of_record
SF:/usr/include/c++/9/iostream
end_of_record
SF:/usr/include/c++/9/bits/stl_uninitialized.h
FN:76,_ZNSt20__uninitialized_copyILb0EE13__uninit_copyIN9__gnu_cxx17__normal_iteratorIPKSt6vectorIS4_IcSaIcEESaIS6_EES4_IS8_SaIS8_EEEEPS8_EET0_T_SG_SF_
FNDA:103,_ZNSt20__uninitialized_copyILb0EE13__uninit_copyIN9__gnu_cxx17__normal_iteratorIPKSt6vectorIS4_IcSaIcEESaIS6_EES4_IS8_SaIS8_EEEEPS8_EET0_T_SG_SF_
FN:76,_ZNSt20__uninitialized_copyILb0EE13__uninit_copyISt13move_iteratorIPSt6vectorIcSaIcEEES6_EET0_T_S9_S8_
FNDA:0,_ZNSt20__uninitialized_copyILb0EE13__uninit_copyISt13move_iteratorIPSt6vectorIcSaIcEEES6_EET0_T_S9_S8_
FN:76,_ZNSt20__uninitialized_copyILb0EE13__uninit_copyIN9__gnu_cxx17__normal_iteratorIPKSt6vectorIcSaIcEES4_IS6_SaIS6_EEEEPS6_EET0_T_SE_SD_
FNDA:421,_ZNSt20__uninitialized_copyILb0EE13__uninit_copyIN9__gnu_cxx17__normal_iteratorIPKSt6vectorIcSaIcEES4_IS6_SaIS6_EEEEPS6_EET0_T_SE_SD_
FN:76,_ZNSt20__uninitialized_copyILb0EE13__uninit_copyISt13move_iteratorIPSt4pairIiiEES5_EET0_T_S8_S7_
FNDA:0,_ZNSt20__uninitialized_copyILb0EE13__uninit_copyISt13move_iteratorIPSt4pairIiiEES5_EET0_T_S8_S7_
FN:76,_ZNSt20__uninitialized_copyILb0EE13__uninit_copyIPKSt6vectorIcSaIcEEPS4_EET0_T_S9_S8_
FNDA:4,_ZNSt20__uninitialized_copyILb0EE13__uninit_copyIPKSt6vectorIcSaIcEEPS4_EET0_T_S9_S8_
FN:76,_ZNSt20__uninitialized_copyILb0EE13__uninit_copyISt13move_iteratorIPSt6vectorIS3_IcSaIcEESaIS5_EEES8_EET0_T_SB_SA_
FNDA:0,_ZNSt20__uninitialized_copyILb0EE13__uninit_copyISt13move_iteratorIPSt6vectorIS3_IcSaIcEESaIS5_EEES8_EET0_T_SB_SA_
FN:99,_ZNSt20__uninitialized_copyILb1EE13__uninit_copyIN9__gnu_cxx17__normal_iteratorIPKcSt6vectorIcSaIcEEEEPcEET0_T_SC_SB_
FNDA:3870,_ZNSt20__uninitialized_copyILb1EE13__uninit_copyIN9__gnu_cxx17__normal_iteratorIPKcSt6vectorIcSaIcEEEEPcEET0_T_SC_SB_
FN:99,_ZNSt20__uninitialized_copyILb1EE13__uninit_copyIPKiPiEET0_T_S6_S5_
FNDA:2,_ZNSt20__uninitialized_copyILb1EE13__uninit_copyIPKiPiEET0_T_S6_S5_
FN:99,_ZNSt20__uninitialized_copyILb1EE13__uninit_copyIPKcPcEET0_T_S6_S5_
FNDA:36,_ZNSt20__uninitialized_copyILb1EE13__uninit_copyIPKcPcEET0_T_S6_S5_
FN:99,_ZNSt20__uninitialized_copyILb1EE13__uninit_copyIN9__gnu_cxx17__normal_iteratorIPKiSt6vectorIiSaIiEEEEPiEET0_T_SC_SB_
FNDA:1,_ZNSt20__uninitialized_copyILb1EE13__uninit_copyIN9__gnu_cxx17__normal_iteratorIPKiSt6vectorIiSaIiEEEEPiEET0_T_SC_SB_
FN:99,_ZNSt20__uninitialized_copyILb1EE13__uninit_copyISt13move_iteratorIPcES3_EET0_T_S6_S5_
FNDA:0,_ZNSt20__uninitialized_copyILb1EE13__uninit_copyISt13move_iteratorIPcES3_EET0_T_S6_S5_
FN:115,_ZSt18uninitialized_copyIN9__gnu_cxx17__normal_iteratorIPKcSt6vectorIcSaIcEEEEPcET0_T_SA_S9_
FNDA:3870,_ZSt18uninitialized_copyIN9__gnu_cxx17__normal_iteratorIPKcSt6vectorIcSaIcEEEEPcET0_T_SA_S9_
FN:115,_ZSt18uninitialized_copyISt13move_iteratorIPSt4pairIiiEES3_ET0_T_S6_S5_
FNDA:0,_ZSt18uninitialized_copyISt13move_iteratorIPSt4pairIiiEES3_ET0_T_S6_S5_
FN:115,_ZSt18uninitialized_copyIN9__gnu_cxx17__normal_iteratorIPKSt6vectorIS2_IcSaIcEESaIS4_EES2_IS6_SaIS6_EEEEPS6_ET0_T_SE_SD_
FNDA:103,_ZSt18uninitialized_copyIN9__gnu_cxx17__normal_iteratorIPKSt6vectorIS2_IcSaIcEESaIS4_EES2_IS6_SaIS6_EEEEPS6_ET0_T_SE_SD_
FN:115,_ZSt18uninitialized_copyIN9__gnu_cxx17__normal_iteratorIPKiSt6vectorIiSaIiEEEEPiET0_T_SA_S9_
FNDA:1,_ZSt18uninitialized_copyIN9__gnu_cxx17__normal_iteratorIPKiSt6vectorIiSaIiEEEEPiET0_T_SA_S9_
FN:115,_ZSt18uninitialized_copyISt13move_iteratorIPSt6vectorIcSaIcEEES4_ET0_T_S7_S6_
FNDA:0,_ZSt18uninitialized_copyISt13move_iteratorIPSt6vectorIcSaIcEEES4_ET0_T_S7_S6_
FN:115,_ZSt18uninitialized_copyIN9__gnu_cxx17__normal_iteratorIPKSt6vectorIcSaIcEES2_IS4_SaIS4_EEEEPS4_ET0_T_SC_SB_
FNDA:421,_ZSt18uninitialized_copyIN9__gnu_cxx17__normal_iteratorIPKSt6vectorIcSaIcEES2_IS4_SaIS4_EEEEPS4_ET0_T_SC_SB_
FN:115,_ZSt18uninitialized_copyIPKiPiET0_T_S4_S3_
FNDA:2,_ZSt18uninitialized_copyIPKiPiET0_T_S4_S3_
FN:115,_ZSt18uninitialized_copyIPKcPcET0_T_S4_S3_
FNDA:36,_ZSt18uninitialized_copyIPKcPcET0_T_S4_S3_
FN:115,_ZSt18uninitialized_copyISt13move_iteratorIPcES1_ET0_T_S4_S3_
FNDA:0,_ZSt18uninitialized_copyISt13move_iteratorIPcES1_ET0_T_S4_S3_
FN:115,_ZSt18uninitialized_copyIPKSt6vectorIcSaIcEEPS2_ET0_T_S7_S6_
FNDA:4,_ZSt18uninitialized_copyIPKSt6vectorIcSaIcEEPS2_ET0_T_S7_S6_
FN:115,_ZSt18uninitialized_copyISt13move_iteratorIPSt6vectorIS1_IcSaIcEESaIS3_EEES6_ET0_T_S9_S8_
FNDA:0,_ZSt18uninitialized_copyISt13move_iteratorIPSt6vectorIS1_IcSaIcEESaIS3_EEES6_ET0_T_S9_S8_
FN:215,_ZNSt22__uninitialized_fill_nILb0EE15__uninit_fill_nIPSt6vectorIcSaIcEEmS4_EET_S6_T0_RKT1_
FNDA:5,_ZNSt22__uninitialized_fill_nILb0EE15__uninit_fill_nIPSt6vectorIcSaIcEEmS4_EET_S6_T0_RKT1_
FN:238,_ZNSt22__uninitialized_fill_nILb1EE15__uninit_fill_nIPcmcEET_S3_T0_RKT1_
FNDA:5,_ZNSt22__uninitialized_fill_nILb1EE15__uninit_fill_nIPcmcEET_S3_T0_RKT1_
FN:256,_ZSt20uninitialized_fill_nIPcmcET_S1_T0_RKT1_
FNDA:5,_ZSt20uninitialized_fill_nIPcmcET_S1_T0_RKT1_
FN:256,_ZSt20uninitialized_fill_nIPSt6vectorIcSaIcEEmS2_ET_S4_T0_RKT1_
FNDA:5,_ZSt20uninitialized_fill_nIPSt6vectorIcSaIcEEmS2_ET_S4_T0_RKT1_
FN:305,_ZSt22__uninitialized_copy_aISt13move_iteratorIPSt6vectorIS1_IcSaIcEESaIS3_EEES6_S5_ET0_T_S9_S8_RSaIT1_E
FNDA:0,_ZSt22__uninitialized_copy_aISt13move_iteratorIPSt6vectorIS1_IcSaIcEESaIS3_EEES6_S5_ET0_T_S9_S8_RSaIT1_E
FN:305,_ZSt22__uninitialized_copy_aIPKSt6vectorIcSaIcEEPS2_S2_ET0_T_S7_S6_RSaIT1_E
FNDA:4,_ZSt22__uninitialized_copy_aIPKSt6vectorIcSaIcEEPS2_S2_ET0_T_S7_S6_RSaIT1_E
FN:305,_ZSt22__uninitialized_copy_aIPKcPccET0_T_S4_S3_RSaIT1_E
FNDA:36,_ZSt22__uninitialized_copy_aIPKcPccET0_T_S4_S3_RSaIT1_E
FN:305,_ZSt22__uninitialized_copy_aIPKiPiiET0_T_S4_S3_RSaIT1_E
FNDA:2,_ZSt22__uninitialized_copy_aIPKiPiiET0_T_S4_S3_RSaIT1_E
FN:305,_ZSt22__uninitialized_copy_aIN9__gnu_cxx17__normal_iteratorIPKiSt6vectorIiSaIiEEEEPiiET0_T_SA_S9_RSaIT1_E
FNDA:1,_ZSt22__uninitialized_copy_aIN9__gnu_cxx17__normal_iteratorIPKiSt6vectorIiSaIiEEEEPiiET0_T_SA_S9_RSaIT1_E
FN:305,_ZSt22__uninitialized_copy_aIN9__gnu_cxx17__normal_iteratorIPKcSt6vectorIcSaIcEEEEPccET0_T_SA_S9_RSaIT1_E
FNDA:3870,_ZSt22__uninitialized_copy_aIN9__gnu_cxx17__normal_iteratorIPKcSt6vectorIcSaIcEEEEPccET0_T_SA_S9_RSaIT1_E
FN:305,_ZSt22__uninitialized_copy_aIN9__gnu_cxx17__normal_iteratorIPKSt6vectorIS2_IcSaIcEESaIS4_EES2_IS6_SaIS6_EEEEPS6_S6_ET0_T_SE_SD_RSaIT1_E
FNDA:103,_ZSt22__uninitialized_copy_aIN9__gnu_cxx17__normal_iteratorIPKSt6vectorIS2_IcSaIcEESaIS4_EES2_IS6_SaIS6_EEEEPS6_S6_ET0_T_SE_SD_RSaIT1_E
FN:305,_ZSt22__uninitialized_copy_aIN9__gnu_cxx17__normal_iteratorIPKSt6vectorIcSaIcEES2_IS4_SaIS4_EEEEPS4_S4_ET0_T_SC_SB_RSaIT1_E
FNDA:421,_ZSt22__uninitialized_copy_aIN9__gnu_cxx17__normal_iteratorIPKSt6vectorIcSaIcEES2_IS4_SaIS4_EEEEPS4_S4_ET0_T_SC_SB_RSaIT1_E
FN:305,_ZSt22__uninitialized_copy_aISt13move_iteratorIPcES1_cET0_T_S4_S3_RSaIT1_E
FNDA:0,_ZSt22__uninitialized_copy_aISt13move_iteratorIPcES1_cET0_T_S4_S3_RSaIT1_E
FN:305,_ZSt22__uninitialized_copy_aISt13move_iteratorIPSt4pairIiiEES3_S2_ET0_T_S6_S5_RSaIT1_E
FNDA:0,_ZSt22__uninitialized_copy_aISt13move_iteratorIPSt4pairIiiEES3_S2_ET0_T_S6_S5_RSaIT1_E
FN:305,_ZSt22__uninitialized_copy_aISt13move_iteratorIPSt6vectorIcSaIcEEES4_S3_ET0_T_S7_S6_RSaIT1_E
FNDA:0,_ZSt22__uninitialized_copy_aISt13move_iteratorIPSt6vectorIcSaIcEEES4_S3_ET0_T_S7_S6_RSaIT1_E
FN:323,_ZSt34__uninitialized_move_if_noexcept_aIPSt6vectorIcSaIcEES3_SaIS2_EET0_T_S6_S5_RT1_
FNDA:0,_ZSt34__uninitialized_move_if_noexcept_aIPSt6vectorIcSaIcEES3_SaIS2_EET0_T_S6_S5_RT1_
FN:323,_ZSt34__uninitialized_move_if_noexcept_aIPSt4pairIiiES2_SaIS1_EET0_T_S5_S4_RT1_
FNDA:0,_ZSt34__uninitialized_move_if_noexcept_aIPSt4pairIiiES2_SaIS1_EET0_T_S5_S4_RT1_
FN:323,_ZSt34__uninitialized_move_if_noexcept_aIPSt6vectorIS0_IcSaIcEESaIS2_EES5_SaIS4_EET0_T_S8_S7_RT1_
FNDA:0,_ZSt34__uninitialized_move_if_noexcept_aIPSt6vectorIS0_IcSaIcEESaIS2_EES5_SaIS4_EET0_T_S8_S7_RT1_
FN:323,_ZSt34__uninitialized_move_if_noexcept_aIPcS0_SaIcEET0_T_S3_S2_RT1_
FNDA:0,_ZSt34__uninitialized_move_if_noexcept_aIPcS0_SaIcEET0_T_S3_S2_RT1_
FN:382,_ZSt24__uninitialized_fill_n_aIPSt6vectorIcSaIcEEmS2_S2_ET_S4_T0_RKT1_RSaIT2_E
FNDA:5,_ZSt24__uninitialized_fill_n_aIPSt6vectorIcSaIcEEmS2_S2_ET_S4_T0_RKT1_RSaIT2_E
FN:382,_ZSt24__uninitialized_fill_n_aIPcmccET_S1_T0_RKT1_RSaIT2_E
FNDA:5,_ZSt24__uninitialized_fill_n_aIPcmccET_S1_T0_RKT1_RSaIT2_E
FN:561,_ZNSt27__uninitialized_default_n_1ILb1EE18__uninit_default_nIPimEET_S3_T0_
FNDA:6,_ZNSt27__uninitialized_default_n_1ILb1EE18__uninit_default_nIPimEET_S3_T0_
FN:592,_ZSt25__uninitialized_default_nIPimET_S1_T0_
FNDA:6,_ZSt25__uninitialized_default_nIPimET_S1_T0_
FN:661,_ZSt27__uninitialized_default_n_aIPimiET_S1_T0_RSaIT1_E
FNDA:6,_ZSt27__uninitialized_default_n_aIPimiET_S1_T0_RSaIT1_E
FN:905,_ZSt19__relocate_object_aISt6vectorIcSaIcEES2_SaIS2_EEvPT_PT0_RT1_
FNDA:0,_ZSt19__relocate_object_aISt6vectorIcSaIcEES2_SaIS2_EEvPT_PT0_RT1_
FN:905,_ZSt19__relocate_object_aISt4pairIiiES1_SaIS1_EEvPT_PT0_RT1_
FNDA:220,_ZSt19__relocate_object_aISt4pairIiiES1_SaIS1_EEvPT_PT0_RT1_
FN:905,_ZSt19__relocate_object_aISt6vectorIS0_IcSaIcEESaIS2_EES4_SaIS4_EEvPT_PT0_RT1_
FNDA:2,_ZSt19__relocate_object_aISt6vectorIS0_IcSaIcEESaIS2_EES4_SaIS4_EEvPT_PT0_RT1_
FN:924,_ZSt14__relocate_a_1IccENSt9enable_ifIXsrSt24__is_bitwise_relocatableIT_vE5valueEPS2_E4typeES4_S4_S4_RSaIT0_E
FNDA:0,_ZSt14__relocate_a_1IccENSt9enable_ifIXsrSt24__is_bitwise_relocatableIT_vE5valueEPS2_E4typeES4_S4_S4_RSaIT0_E
FN:936,_ZSt14__relocate_a_1IPSt6vectorIS0_IcSaIcEESaIS2_EES5_SaIS4_EET0_T_S8_S7_RT1_
FNDA:16,_ZSt14__relocate_a_1IPSt6vectorIS0_IcSaIcEESaIS2_EES5_SaIS4_EET0_T_S8_S7_RT1_
FN:936,_ZSt14__relocate_a_1IPSt4pairIiiES2_SaIS1_EET0_T_S5_S4_RT1_
FNDA:54,_ZSt14__relocate_a_1IPSt4pairIiiES2_SaIS1_EET0_T_S5_S4_RT1_
FN:936,_ZSt14__relocate_a_1IPSt6vectorIcSaIcEES3_SaIS2_EET0_T_S6_S5_RT1_
FNDA:0,_ZSt14__relocate_a_1IPSt6vectorIcSaIcEES3_SaIS2_EET0_T_S6_S5_RT1_
FN:958,_ZSt12__relocate_aIPSt6vectorIcSaIcEES3_SaIS2_EET0_T_S6_S5_RT1_
FNDA:0,_ZSt12__relocate_aIPSt6vectorIcSaIcEES3_SaIS2_EET0_T_S6_S5_RT1_
FN:958,_ZSt12__relocate_aIPSt4pairIiiES2_SaIS1_EET0_T_S5_S4_RT1_
FNDA:54,_ZSt12__relocate_aIPSt4pairIiiES2_SaIS1_EET0_T_S5_S4_RT1_
FN:958,_ZSt12__relocate_aIPcS0_SaIcEET0_T_S3_S2_RT1_
FNDA:0,_ZSt12__relocate_aIPcS0_SaIcEET0_T_S3_S2_RT1_
FN:958,_ZSt12__relocate_aIPSt6vectorIS0_IcSaIcEESaIS2_EES5_SaIS4_EET0_T_S8_S7_RT1_
FNDA:16,_ZSt12__relocate_aIPSt6vectorIS0_IcSaIcEESaIS2_EES5_SaIS4_EET0_T_S8_S7_RT1_
DA:76,0
DA:79,0
DA:82,0
DA:83,0
DA:84,0
DA:86,0
DA:88,0
DA:89,0
DA:76,0
DA:79,0
DA:82,0
DA:83,0
DA:84,0
DA:86,0
DA:88,0
DA:89,0
DA:76,0
DA:79,0
DA:82,0
DA:83,0
DA:84,0
DA:86,0
DA:88,0
DA:89,0
DA:76,4
DA:79,4
DA:82,40
DA:83,36
DA:84,4
DA:86,0
DA:88,0
DA:89,0
DA:76,103
DA:79,103
DA:82,210
DA:83,107
DA:84,103
DA:86,0
DA:88,0
DA:89,0
DA:76,421
DA:79,421
DA:82,4210
DA:83,3789
DA:84,421
DA:86,0
DA:88,0
DA:89,0
DA:99,0
DA:101,0
DA:99,36
DA:101,36
DA:99,2
DA:101,2
DA:99,1
DA:101,1
DA:99,3870
DA:101,3870
DA:115,0
DA:134,0
DA:140,0
DA:115,0
DA:134,0
DA:140,0
DA:115,0
DA:134,0
DA:140,0
DA:115,0
DA:134,0
DA:140,0
DA:115,4
DA:134,4
DA:140,4
DA:115,36
DA:134,36
DA:140,36
DA:115,2
DA:134,2
DA:140,2
DA:115,1
DA:134,1
DA:140,1
DA:115,3870
DA:134,3870
DA:140,3870
DA:115,103
DA:134,103
DA:140,103
DA:115,421
DA:134,421
DA:140,421
DA:215,5
DA:218,5
DA:221,50
DA:222,45
DA:223,5
DA:225,0
DA:227,0
DA:228,0
DA:238,5
DA:240,5
DA:256,5
DA:270,5
DA:273,5
DA:256,5
DA:270,5
DA:273,5
DA:305,0
DA:307,0
DA:305,0
DA:307,0
DA:305,0
DA:307,0
DA:305,0
DA:307,0
DA:305,4
DA:307,4
DA:305,36
DA:307,36
DA:305,2
DA:307,2
DA:305,1
DA:307,1
DA:305,3870
DA:307,3870
DA:305,103
DA:307,103
DA:305,421
DA:307,421
DA:323,0
DA:329,0
DA:330,0
DA:323,0
DA:329,0
DA:330,0
DA:323,0
DA:329,0
DA:330,0
DA:323,0
DA:329,0
DA:330,0
DA:382,5
DA:384,5
DA:382,5
DA:384,5
DA:561,6
DA:566,6
DA:592,6
DA:597,6
DA:601,6
DA:661,6
DA:663,6
DA:905,0
DA:912,0
DA:913,0
DA:914,0
DA:905,220
DA:912,220
DA:913,220
DA:914,220
DA:905,2
DA:912,2
DA:913,2
DA:914,2
DA:924,0
DA:927,0
DA:928,0
DA:929,0
DA:930,0
DA:936,0
DA:948,0
DA:949,0
DA:950,0
DA:952,0
DA:936,54
DA:948,54
DA:949,274
DA:950,220
DA:952,54
DA:936,16
DA:948,16
DA:949,18
DA:950,2
DA:952,16
DA:958,0
DA:964,0
DA:966,0
DA:958,54
DA:964,54
DA:966,54
DA:958,0
DA:964,0
DA:966,0
DA:958,16
DA:964,16
DA:966,16
end_of_record
SF:/usr/include/c++/9/ext/new_allocator.h
FN:80,_ZN9__gnu_cxx13new_allocatorIcEC2Ev
FNDA:0,_ZN9__gnu_cxx13new_allocatorIcEC2Ev
FN:80,_ZN9__gnu_cxx13new_allocatorIiEC2Ev
FNDA:8,_ZN9__gnu_cxx13new_allocatorIiEC2Ev
FN:80,_ZN9__gnu_cxx13new_allocatorISt6vectorIcSaIcEEEC2Ev
FNDA:9,_ZN9__gnu_cxx13new_allocatorISt6vectorIcSaIcEEEC2Ev
FN:80,_ZN9__gnu_cxx13new_allocatorISt6vectorIS1_IcSaIcEESaIS3_EEEC2Ev
FNDA:11,_ZN9__gnu_cxx13new_allocatorISt6vectorIS1_IcSaIcEESaIS3_EEEC2Ev
FN:80,_ZN9__gnu_cxx13new_allocatorISt4pairIiiEEC2Ev
FNDA:10,_ZN9__gnu_cxx13new_allocatorISt4pairIiiEEC2Ev
FN:83,_ZN9__gnu_cxx13new_allocatorIcEC2ERKS1_
FNDA:0,_ZN9__gnu_cxx13new_allocatorIcEC2ERKS1_
FN:83,_ZN9__gnu_cxx13new_allocatorIiEC2ERKS1_
FNDA:18,_ZN9__gnu_cxx13new_allocatorIiEC2ERKS1_
FN:83,_ZN9__gnu_cxx13new_allocatorISt6vectorIcSaIcEEEC2ERKS4_
FNDA:862,_ZN9__gnu_cxx13new_allocatorISt6vectorIcSaIcEEEC2ERKS4_
FN:83,_ZN9__gnu_cxx13new_allocatorISt6vectorIS1_IcSaIcEESaIS3_EEEC2ERKS6_
FNDA:206,_ZN9__gnu_cxx13new_allocatorISt6vectorIS1_IcSaIcEESaIS3_EEEC2ERKS6_
FN:89,_ZN9__gnu_cxx13new_allocatorIcED2Ev
FNDA:0,_ZN9__gnu_cxx13new_allocatorIcED2Ev
FN:89,_ZN9__gnu_cxx13new_allocatorISt6vectorIS1_IcSaIcEESaIS3_EEED2Ev
FNDA:217,_ZN9__gnu_cxx13new_allocatorISt6vectorIS1_IcSaIcEESaIS3_EEED2Ev
FN:89,_ZN9__gnu_cxx13new_allocatorISt4pairIiiEED2Ev
FNDA:10,_ZN9__gnu_cxx13new_allocatorISt4pairIiiEED2Ev
FN:89,_ZN9__gnu_cxx13new_allocatorIiED2Ev
FNDA:26,_ZN9__gnu_cxx13new_allocatorIiED2Ev
FN:89,_ZN9__gnu_cxx13new_allocatorISt6vectorIcSaIcEEED2Ev
FNDA:871,_ZN9__gnu_cxx13new_allocatorISt6vectorIcSaIcEEED2Ev
FN:102,_ZN9__gnu_cxx13new_allocatorISt4pairIiiEE8allocateEmPKv
FNDA:27,_ZN9__gnu_cxx13new_allocatorISt4pairIiiEE8allocateEmPKv
FN:102,_ZN9__gnu_cxx13new_allocatorIcE8allocateEmPKv
FNDA:3911,_ZN9__gnu_cxx13new_allocatorIcE8allocateEmPKv
FN:102,_ZN9__gnu_cxx13new_allocatorISt6vectorIcSaIcEEE8allocateEmPKv
FNDA:430,_ZN9__gnu_cxx13new_allocatorISt6vectorIcSaIcEEE8allocateEmPKv
FN:102,_ZN9__gnu_cxx13new_allocatorIiE8allocateEmPKv
FNDA:9,_ZN9__gnu_cxx13new_allocatorIiE8allocateEmPKv
FN:102,_ZN9__gnu_cxx13new_allocatorISt6vectorIS1_IcSaIcEESaIS3_EEE8allocateEmPKv
FNDA:111,_ZN9__gnu_cxx13new_allocatorISt6vectorIS1_IcSaIcEESaIS3_EEE8allocateEmPKv
FN:119,_ZN9__gnu_cxx13new_allocatorISt4pairIiiEE10deallocateEPS2_m
FNDA:27,_ZN9__gnu_cxx13new_allocatorISt4pairIiiEE10deallocateEPS2_m
FN:119,_ZN9__gnu_cxx13new_allocatorISt6vectorIS1_IcSaIcEESaIS3_EEE10deallocateEPS5_m
FNDA:111,_ZN9__gnu_cxx13new_allocatorISt6vectorIS1_IcSaIcEESaIS3_EEE10deallocateEPS5_m
FN:119,_ZN9__gnu_cxx13new_allocatorIcE10deallocateEPcm
FNDA:3911,_ZN9__gnu_cxx13new_allocatorIcE10deallocateEPcm
FN:119,_ZN9__gnu_cxx13new_allocatorIiE10deallocateEPim
FNDA:9,_ZN9__gnu_cxx13new_allocatorIiE10deallocateEPim
FN:119,_ZN9__gnu_cxx13new_allocatorISt6vectorIcSaIcEEE10deallocateEPS3_m
FNDA:430,_ZN9__gnu_cxx13new_allocatorISt6vectorIcSaIcEEE10deallocateEPS3_m
FN:132,_ZNK9__gnu_cxx13new_allocatorISt4pairIiiEE8max_sizeEv
FNDA:81,_ZNK9__gnu_cxx13new_allocatorISt4pairIiiEE8max_sizeEv
FN:132,_ZNK9__gnu_cxx13new_allocatorISt6vectorIS1_IcSaIcEESaIS3_EEE8max_sizeEv
FNDA:127,_ZNK9__gnu_cxx13new_allocatorISt6vectorIS1_IcSaIcEESaIS3_EEE8max_sizeEv
FN:132,_ZNK9__gnu_cxx13new_allocatorISt6vectorIcSaIcEEE8max_sizeEv
FNDA:439,_ZNK9__gnu_cxx13new_allocatorISt6vectorIcSaIcEEE8max_sizeEv
FN:132,_ZNK9__gnu_cxx13new_allocatorIiE8max_sizeEv
FNDA:17,_ZNK9__gnu_cxx13new_allocatorIiE8max_sizeEv
FN:132,_ZNK9__gnu_cxx13new_allocatorIcE8max_sizeEv
FNDA:3952,_ZNK9__gnu_cxx13new_allocatorIcE8max_sizeEv
FN:144,_ZN9__gnu_cxx13new_allocatorISt6vectorIcSaIcEEE9constructIS3_JS3_EEEvPT_DpOT0_
FNDA:0,_ZN9__gnu_cxx13new_allocatorISt6vectorIcSaIcEEE9constructIS3_JS3_EEEvPT_DpOT0_
FN:144,_ZN9__gnu_cxx13new_allocatorISt6vectorIS1_IcSaIcEESaIS3_EEE9constructIS5_JS5_EEEvPT_DpOT0_
FNDA:2,_ZN9__gnu_cxx13new_allocatorISt6vectorIS1_IcSaIcEESaIS3_EEE9constructIS5_JS5_EEEvPT_DpOT0_
FN:144,_ZN9__gnu_cxx13new_allocatorISt6vectorIS1_IcSaIcEESaIS3_EEE9constructIS5_JRKS5_EEEvPT_DpOT0_
FNDA:107,_ZN9__gnu_cxx13new_allocatorISt6vectorIS1_IcSaIcEESaIS3_EEE9constructIS5_JRKS5_EEEvPT_DpOT0_
FN:144,_ZN9__gnu_cxx13new_allocatorIcE9constructIcJRKcEEEvPT_DpOT0_
FNDA:0,_ZN9__gnu_cxx13new_allocatorIcE9constructIcJRKcEEEvPT_DpOT0_
FN:144,_ZN9__gnu_cxx13new_allocatorISt4pairIiiEE9constructIS2_JS2_EEEvPT_DpOT0_
FNDA:2108,_ZN9__gnu_cxx13new_allocatorISt4pairIiiEE9constructIS2_JS2_EEEvPT_DpOT0_
FN:150,_ZN9__gnu_cxx13new_allocatorIcE7destroyIcEEvPT_
FNDA:0,_ZN9__gnu_cxx13new_allocatorIcE7destroyIcEEvPT_
FN:150,_ZN9__gnu_cxx13new_allocatorISt4pairIiiEE7destroyIS2_EEvPT_
FNDA:220,_ZN9__gnu_cxx13new_allocatorISt4pairIiiEE7destroyIS2_EEvPT_
FN:150,_ZN9__gnu_cxx13new_allocatorISt6vectorIcSaIcEEE7destroyIS3_EEvPT_
FNDA:0,_ZN9__gnu_cxx13new_allocatorISt6vectorIcSaIcEEE7destroyIS3_EEvPT_
FN:150,_ZN9__gnu_cxx13new_allocatorISt6vectorIS1_IcSaIcEESaIS3_EEE7destroyIS5_EEvPT_
FNDA:2,_ZN9__gnu_cxx13new_allocatorISt6vectorIS1_IcSaIcEESaIS3_EEE7destroyIS5_EEvPT_
DA:80,10
DA:80,11
DA:80,9
DA:80,8
DA:80,0
DA:83,206
DA:83,862
DA:83,18
DA:83,0
DA:89,871
DA:89,26
DA:89,10
DA:89,217
DA:89,0
DA:102,27
DA:104,27
DA:105,0
DA:114,27
DA:102,430
DA:104,430
DA:105,0
DA:114,430
DA:102,9
DA:104,9
DA:105,0
DA:114,9
DA:102,111
DA:104,111
DA:105,0
DA:114,111
DA:102,3911
DA:104,3911
DA:105,0
DA:114,3911
DA:119,430
DA:128,430
DA:129,430
DA:119,9
DA:128,9
DA:129,9
DA:119,27
DA:128,27
DA:129,27
DA:119,111
DA:128,111
DA:129,111
DA:119,3911
DA:128,3911
DA:129,3911
DA:132,81
DA:135,81
DA:132,127
DA:135,127
DA:132,439
DA:135,439
DA:132,17
DA:135,17
DA:132,3952
DA:135,3952
DA:144,0
DA:146,0
DA:144,2
DA:146,2
DA:144,2108
DA:146,2108
DA:144,0
DA:146,0
DA:144,107
DA:146,107
DA:150,0
DA:152,0
DA:150,220
DA:152,220
DA:150,0
DA:152,0
DA:150,2
DA:152,2
end_of_record
SF:/usr/include/gtest/internal/gtest-port.h
FN:957,_ZN7testing8internal8GTestLog9GetStreamEv
FNDA:0,_ZN7testing8internal8GTestLog9GetStreamEv
DA:957,0
end_of_record
SF:/usr/include/gtest/gtest-printers.h
FN:260,_ZN16testing_internal26DefaultPrintNonContainerToImEEvRKT_PSo
FNDA:0,_ZN16testing_internal26DefaultPrintNonContainerToImEEvRKT_PSo
FN:260,_ZN16testing_internal26DefaultPrintNonContainerToIiEEvRKT_PSo
FNDA:0,_ZN16testing_internal26DefaultPrintNonContainerToIiEEvRKT_PSo
FN:313,_ZN7testing8internal19FormatForComparisonISt6vectorIS2_IcSaIcEESaIS4_EES6_E6FormatB5cxx11ERKS6_
FNDA:0,_ZN7testing8internal19FormatForComparisonISt6vectorIS2_IcSaIcEESaIS4_EES6_E6FormatB5cxx11ERKS6_
FN:313,_ZN7testing8internal19FormatForComparisonIiiE6FormatB5cxx11ERKi
FNDA:0,_ZN7testing8internal19FormatForComparisonIiiE6FormatB5cxx11ERKi
FN:313,_ZN7testing8internal19FormatForComparisonISt6vectorIiSaIiEES4_E6FormatB5cxx11ERKS4_
FNDA:0,_ZN7testing8internal19FormatForComparisonISt6vectorIiSaIiEES4_E6FormatB5cxx11ERKS4_
FN:313,_ZN7testing8internal19FormatForComparisonIccE6FormatB5cxx11ERKc
FNDA:0,_ZN7testing8internal19FormatForComparisonIccE6FormatB5cxx11ERKc
FN:313,_ZN7testing8internal19FormatForComparisonImiE6FormatB5cxx11ERKm
FNDA:0,_ZN7testing8internal19FormatForComparisonImiE6FormatB5cxx11ERKm
FN:313,_ZN7testing8internal19FormatForComparisonIimE6FormatB5cxx11ERKi
FNDA:0,_ZN7testing8internal19FormatForComparisonIimE6FormatB5cxx11ERKi
FN:377,_ZN7testing8internal33FormatForComparisonFailureMessageIiiEENSt7__cxx1112basic_stringIcSt11char_traitsIcESaIcEEERKT_RKT0_
FNDA:0,_ZN7testing8internal33FormatForComparisonFailureMessageIiiEENSt7__cxx1112basic_stringIcSt11char_traitsIcESaIcEEERKT_RKT0_
FN:377,_ZN7testing8internal33FormatForComparisonFailureMessageISt6vectorIiSaIiEES4_EENSt7__cxx1112basic_stringIcSt11char_traitsIcESaIcEEERKT_RKT0_
FNDA:0,_ZN7testing8internal33FormatForComparisonFailureMessageISt6vectorIiSaIiEES4_EENSt7__cxx1112basic_stringIcSt11char_traitsIcESaIcEEERKT_RKT0_
FN:377,_ZN7testing8internal33FormatForComparisonFailureMessageIccEENSt7__cxx1112basic_stringIcSt11char_traitsIcESaIcEEERKT_RKT0_
FNDA:0,_ZN7testing8internal33FormatForComparisonFailureMessageIccEENSt7__cxx1112basic_stringIcSt11char_traitsIcESaIcEEERKT_RKT0_
FN:377,_ZN7testing8internal33FormatForComparisonFailureMessageImiEENSt7__cxx1112basic_stringIcSt11char_traitsIcESaIcEEERKT_RKT0_
FNDA:0,_ZN7testing8internal33FormatForComparisonFailureMessageImiEENSt7__cxx1112basic_stringIcSt11char_traitsIcESaIcEEERKT_RKT0_
FN:377,_ZN7testing8internal33FormatForComparisonFailureMessageIimEENSt7__cxx1112basic_stringIcSt11char_traitsIcESaIcEEERKT_RKT0_
FNDA:0,_ZN7testing8internal33FormatForComparisonFailureMessageIimEENSt7__cxx1112basic_stringIcSt11char_traitsIcESaIcEEERKT_RKT0_
FN:377,_ZN7testing8internal33FormatForComparisonFailureMessageISt6vectorIS2_IcSaIcEESaIS4_EES6_EENSt7__cxx1112basic_stringIcSt11char_traitsIcES3_EERKT_RKT0_
FNDA:0,_ZN7testing8internal33FormatForComparisonFailureMessageISt6vectorIS2_IcSaIcEESaIS4_EES6_EENSt7__cxx1112basic_stringIcSt11char_traitsIcES3_EERKT_RKT0_
FN:406,_ZN7testing8internal14DefaultPrintToISt6vectorIiSaIiEEEEvNS0_15WrapPrinterTypeILNS0_18DefaultPrinterTypeE0EEERKT_PSo
FNDA:0,_ZN7testing8internal14DefaultPrintToISt6vectorIiSaIiEEEEvNS0_15WrapPrinterTypeILNS0_18DefaultPrinterTypeE0EEERKT_PSo
FN:406,_ZN7testing8internal14DefaultPrintToISt6vectorIS2_IcSaIcEESaIS4_EEEEvNS0_15WrapPrinterTypeILNS0_18DefaultPrinterTypeE0EEERKT_PSo
FNDA:0,_ZN7testing8internal14DefaultPrintToISt6vectorIS2_IcSaIcEESaIS4_EEEEvNS0_15WrapPrinterTypeILNS0_18DefaultPrinterTypeE0EEERKT_PSo
FN:406,_ZN7testing8internal14DefaultPrintToISt6vectorIcSaIcEEEEvNS0_15WrapPrinterTypeILNS0_18DefaultPrinterTypeE0EEERKT_PSo
FNDA:0,_ZN7testing8internal14DefaultPrintToISt6vectorIcSaIcEEEEvNS0_15WrapPrinterTypeILNS0_18DefaultPrinterTypeE0EEERKT_PSo
FN:466,_ZN7testing8internal14DefaultPrintToImEEvNS0_15WrapPrinterTypeILNS0_18DefaultPrinterTypeE3EEERKT_PSo
FNDA:0,_ZN7testing8internal14DefaultPrintToImEEvNS0_15WrapPrinterTypeILNS0_18DefaultPrinterTypeE3EEERKT_PSo
FN:466,_ZN7testing8internal14DefaultPrintToIiEEvNS0_15WrapPrinterTypeILNS0_18DefaultPrinterTypeE3EEERKT_PSo
FNDA:0,_ZN7testing8internal14DefaultPrintToIiEEvNS0_15WrapPrinterTypeILNS0_18DefaultPrinterTypeE3EEERKT_PSo
FN:483,_ZN7testing8internal7PrintToISt6vectorIiSaIiEEEEvRKT_PSo
FNDA:0,_ZN7testing8internal7PrintToISt6vectorIiSaIiEEEEvRKT_PSo
FN:483,_ZN7testing8internal7PrintToIiEEvRKT_PSo
FNDA:0,_ZN7testing8internal7PrintToIiEEvRKT_PSo
FN:483,_ZN7testing8internal7PrintToImEEvRKT_PSo
FNDA:0,_ZN7testing8internal7PrintToImEEvRKT_PSo
FN:483,_ZN7testing8internal7PrintToISt6vectorIS2_IcSaIcEESaIS4_EEEEvRKT_PSo
FNDA:0,_ZN7testing8internal7PrintToISt6vectorIS2_IcSaIcEESaIS4_EEEEvRKT_PSo
FN:483,_ZN7testing8internal7PrintToISt6vectorIcSaIcEEEEvRKT_PSo
FNDA:0,_ZN7testing8internal7PrintToISt6vectorIcSaIcEEEEvRKT_PSo
FN:523,_ZN7testing8internal7PrintToEcPSo
FNDA:0,_ZN7testing8internal7PrintToEcPSo
FN:670,_ZN7testing8internal16UniversalPrinterISt6vectorIcSaIcEEE5PrintERKS4_PSo
FNDA:0,_ZN7testing8internal16UniversalPrinterISt6vectorIcSaIcEEE5PrintERKS4_PSo
FN:670,_ZN7testing8internal16UniversalPrinterISt6vectorIS2_IcSaIcEESaIS4_EEE5PrintERKS6_PSo
FNDA:0,_ZN7testing8internal16UniversalPrinterISt6vectorIS2_IcSaIcEESaIS4_EEE5PrintERKS6_PSo
FN:670,_ZN7testing8internal16UniversalPrinterImE5PrintERKmPSo
FNDA:0,_ZN7testing8internal16UniversalPrinterImE5PrintERKmPSo
FN:670,_ZN7testing8internal16UniversalPrinterIcE5PrintERKcPSo
FNDA:0,_ZN7testing8internal16UniversalPrinterIcE5PrintERKcPSo
FN:670,_ZN7testing8internal16UniversalPrinterISt6vectorIiSaIiEEE5PrintERKS4_PSo
FNDA:0,_ZN7testing8internal16UniversalPrinterISt6vectorIiSaIiEEE5PrintERKS4_PSo
FN:670,_ZN7testing8internal16UniversalPrinterIiE5PrintERKiPSo
FNDA:0,_ZN7testing8internal16UniversalPrinterIiE5PrintERKiPSo
FN:796,_ZN7testing8internal21UniversalTersePrinterIcE5PrintERKcPSo
FNDA:0,_ZN7testing8internal21UniversalTersePrinterIcE5PrintERKcPSo
FN:796,_ZN7testing8internal21UniversalTersePrinterISt6vectorIS2_IcSaIcEESaIS4_EEE5PrintERKS6_PSo
FNDA:0,_ZN7testing8internal21UniversalTersePrinterISt6vectorIS2_IcSaIcEESaIS4_EEE5PrintERKS6_PSo
FN:796,_ZN7testing8internal21UniversalTersePrinterImE5PrintERKmPSo
FNDA:0,_ZN7testing8internal21UniversalTersePrinterImE5PrintERKmPSo
FN:796,_ZN7testing8internal21UniversalTersePrinterIiE5PrintERKiPSo
FNDA:0,_ZN7testing8internal21UniversalTersePrinterIiE5PrintERKiPSo
FN:796,_ZN7testing8internal21UniversalTersePrinterISt6vectorIiSaIiEEE5PrintERKS4_PSo
FNDA:0,_ZN7testing8internal21UniversalTersePrinterISt6vectorIiSaIiEEE5PrintERKS4_PSo
FN:865,_ZN7testing8internal14UniversalPrintISt6vectorIiSaIiEEEEvRKT_PSo
FNDA:0,_ZN7testing8internal14UniversalPrintISt6vectorIiSaIiEEEEvRKT_PSo
FN:865,_ZN7testing8internal14UniversalPrintIcEEvRKT_PSo
FNDA:0,_ZN7testing8internal14UniversalPrintIcEEvRKT_PSo
FN:865,_ZN7testing8internal14UniversalPrintImEEvRKT_PSo
FNDA:0,_ZN7testing8internal14UniversalPrintImEEvRKT_PSo
FN:865,_ZN7testing8internal14UniversalPrintISt6vectorIS2_IcSaIcEESaIS4_EEEEvRKT_PSo
FNDA:0,_ZN7testing8internal14UniversalPrintISt6vectorIS2_IcSaIcEESaIS4_EEEEvRKT_PSo
FN:865,_ZN7testing8internal14UniversalPrintISt6vectorIcSaIcEEEEvRKT_PSo
FNDA:0,_ZN7testing8internal14UniversalPrintISt6vectorIcSaIcEEEEvRKT_PSo
FN:865,_ZN7testing8internal14UniversalPrintIiEEvRKT_PSo
FNDA:0,_ZN7testing8internal14UniversalPrintIiEEvRKT_PSo
FN:915,_ZN7testing13PrintToStringISt6vectorIiSaIiEEEENSt7__cxx1112basic_stringIcSt11char_traitsIcESaIcEEERKT_
FNDA:0,_ZN7testing13PrintToStringISt6vectorIiSaIiEEEENSt7__cxx1112basic_stringIcSt11char_traitsIcESaIcEEERKT_
FN:915,_ZN7testing13PrintToStringIiEENSt7__cxx1112basic_stringIcSt11char_traitsIcESaIcEEERKT_
FNDA:0,_ZN7testing13PrintToStringIiEENSt7__cxx1112basic_stringIcSt11char_traitsIcESaIcEEERKT_
FN:915,_ZN7testing13PrintToStringIcEENSt7__cxx1112basic_stringIcSt11char_traitsIcESaIcEEERKT_
FNDA:0,_ZN7testing13PrintToStringIcEENSt7__cxx1112basic_stringIcSt11char_traitsIcESaIcEEERKT_
FN:915,_ZN7testing13PrintToStringImEENSt7__cxx1112basic_stringIcSt11char_traitsIcESaIcEEERKT_
FNDA:0,_ZN7testing13PrintToStringImEENSt7__cxx1112basic_stringIcSt11char_traitsIcESaIcEEERKT_
FN:915,_ZN7testing13PrintToStringISt6vectorIS1_IcSaIcEESaIS3_EEEENSt7__cxx1112basic_stringIcSt11char_traitsIcES2_EERKT_
FNDA:0,_ZN7testing13PrintToStringISt6vectorIS1_IcSaIcEESaIS3_EEEENSt7__cxx1112basic_stringIcSt11char_traitsIcES2_EERKT_
DA:260,0
DA:287,0
DA:288,0
DA:260,0
DA:287,0
DA:288,0
DA:313,0
DA:314,0
DA:313,0
DA:314,0
DA:313,0
DA:314,0
DA:313,0
DA:314,0
DA:313,0
DA:314,0
DA:313,0
DA:314,0
DA:377,0
DA:379,0
DA:377,0
DA:379,0
DA:377,0
DA:379,0
DA:377,0
DA:379,0
DA:377,0
DA:379,0
DA:377,0
DA:379,0
DA:406,0
DA:408,0
DA:409,0
DA:410,0
DA:411,0
DA:412,0
DA:413,0
DA:414,0
DA:415,0
DA:416,0
DA:417,0
DA:420,0
DA:423,0
DA:426,0
DA:427,0
DA:429,0
DA:430,0
DA:406,0
DA:408,0
DA:409,0
DA:410,0
DA:411,0
DA:412,0
DA:413,0
DA:414,0
DA:415,0
DA:416,0
DA:417,0
DA:420,0
DA:423,0
DA:426,0
DA:427,0
DA:429,0
DA:430,0
DA:406,0
DA:408,0
DA:409,0
DA:410,0
DA:411,0
DA:412,0
DA:413,0
DA:414,0
DA:415,0
DA:416,0
DA:417,0
DA:420,0
DA:423,0
DA:426,0
DA:427,0
DA:429,0
DA:430,0
DA:466,0
DA:468,0
DA:469,0
DA:466,0
DA:468,0
DA:469,0
DA:483,0
DA:503,0
DA:514,0
DA:483,0
DA:503,0
DA:514,0
DA:483,0
DA:503,0
DA:514,0
DA:483,0
DA:503,0
DA:514,0
DA:483,0
DA:503,0
DA:514,0
DA:523,0
DA:527,0
DA:528,0
DA:670,0
DA:679,0
DA:680,0
DA:670,0
DA:679,0
DA:680,0
DA:670,0
DA:679,0
DA:680,0
DA:670,0
DA:679,0
DA:680,0
DA:670,0
DA:679,0
DA:680,0
DA:670,0
DA:679,0
DA:680,0
DA:796,0
DA:797,0
DA:798,0
DA:796,0
DA:797,0
DA:798,0
DA:796,0
DA:797,0
DA:798,0
DA:796,0
DA:797,0
DA:798,0
DA:796,0
DA:797,0
DA:798,0
DA:865,0
DA:869,0
DA:870,0
DA:865,0
DA:869,0
DA:870,0
DA:865,0
DA:869,0
DA:870,0
DA:865,0
DA:869,0
DA:870,0
DA:865,0
DA:869,0
DA:870,0
DA:865,0
DA:869,0
DA:870,0
DA:915,0
DA:916,0
DA:917,0
DA:918,0
DA:915,0
DA:916,0
DA:917,0
DA:918,0
DA:915,0
DA:916,0
DA:917,0
DA:918,0
DA:915,0
DA:916,0
DA:917,0
DA:918,0
DA:915,0
DA:916,0
DA:917,0
DA:918,0
end_of_record
SF:/usr/include/c++/9/limits
FN:1274,_ZNSt14numeric_limitsImE3maxEv
FNDA:0,_ZNSt14numeric_limitsImE3maxEv
DA:1274,0
end_of_record
SF:/usr/include/c++/9/tuple
FN:76,_ZNSt10_Head_baseILm1ESt14default_deleteINSt7__cxx1112basic_stringIcSt11char_traitsIcESaIcEEEELb1EEC2Ev
FNDA:4,_ZNSt10_Head_baseILm1ESt14default_deleteINSt7__cxx1112basic_stringIcSt11char_traitsIcESaIcEEEELb1EEC2Ev
FN:113,_ZNSt10_Head_baseILm1ESt14default_deleteINSt7__cxx1118basic_stringstreamIcSt11char_traitsIcESaIcEEEELb1EE7_M_headERS8_
FNDA:0,_ZNSt10_Head_baseILm1ESt14default_deleteINSt7__cxx1118basic_stringstreamIcSt11char_traitsIcESaIcEEEELb1EE7_M_headERS8_
FN:113,_ZNSt10_Head_baseILm1ESt14default_deleteINSt7__cxx1112basic_stringIcSt11char_traitsIcESaIcEEEELb1EE7_M_headERS8_
FNDA:0,_ZNSt10_Head_baseILm1ESt14default_deleteINSt7__cxx1112basic_stringIcSt11char_traitsIcESaIcEEEELb1EE7_M_headERS8_
FN:122,_ZNSt10_Head_baseILm0EPNSt7__cxx1112basic_stringIcSt11char_traitsIcESaIcEEELb0EEC2Ev
FNDA:4,_ZNSt10_Head_baseILm0EPNSt7__cxx1112basic_stringIcSt11char_traitsIcESaIcEEELb0EEC2Ev
FN:160,_ZNSt10_Head_baseILm0EPNSt7__cxx1118basic_stringstreamIcSt11char_traitsIcESaIcEEELb0EE7_M_headERS7_
FNDA:0,_ZNSt10_Head_baseILm0EPNSt7__cxx1118basic_stringstreamIcSt11char_traitsIcESaIcEEELb0EE7_M_headERS7_
FN:160,_ZNSt10_Head_baseILm0EPNSt7__cxx1112basic_stringIcSt11char_traitsIcESaIcEEELb0EE7_M_headERS7_
FNDA:13,_ZNSt10_Head_baseILm0EPNSt7__cxx1112basic_stringIcSt11char_traitsIcESaIcEEELb0EE7_M_headERS7_
FN:163,_ZNSt10_Head_baseILm0EPNSt7__cxx1112basic_stringIcSt11char_traitsIcESaIcEEELb0EE7_M_headERKS7_
FNDA:0,_ZNSt10_Head_baseILm0EPNSt7__cxx1112basic_stringIcSt11char_traitsIcESaIcEEELb0EE7_M_headERKS7_
FN:163,_ZNSt10_Head_baseILm0EPNSt7__cxx1118basic_stringstreamIcSt11char_traitsIcESaIcEEELb0EE7_M_headERKS7_
FNDA:0,_ZNSt10_Head_baseILm0EPNSt7__cxx1118basic_stringstreamIcSt11char_traitsIcESaIcEEELb0EE7_M_headERKS7_
FN:195,_ZNSt11_Tuple_implILm0EJPNSt7__cxx1112basic_stringIcSt11char_traitsIcESaIcEEESt14default_deleteIS5_EEE7_M_headERS9_
FNDA:13,_ZNSt11_Tuple_implILm0EJPNSt7__cxx1112basic_stringIcSt11char_traitsIcESaIcEEESt14default_deleteIS5_EEE7_M_headERS9_
FN:195,_ZNSt11_Tuple_implILm0EJPNSt7__cxx1118basic_stringstreamIcSt11char_traitsIcESaIcEEESt14default_deleteIS5_EEE7_M_headERS9_
FNDA:0,_ZNSt11_Tuple_implILm0EJPNSt7__cxx1118basic_stringstreamIcSt11char_traitsIcESaIcEEESt14default_deleteIS5_EEE7_M_headERS9_
FN:198,_ZNSt11_Tuple_implILm0EJPNSt7__cxx1118basic_stringstreamIcSt11char_traitsIcESaIcEEESt14default_deleteIS5_EEE7_M_headERKS9_
FNDA:0,_ZNSt11_Tuple_implILm0EJPNSt7__cxx1118basic_stringstreamIcSt11char_traitsIcESaIcEEESt14default_deleteIS5_EEE7_M_headERKS9_
FN:198,_ZNSt11_Tuple_implILm0EJPNSt7__cxx1112basic_stringIcSt11char_traitsIcESaIcEEESt14default_deleteIS5_EEE7_M_headERKS9_
FNDA:0,_ZNSt11_Tuple_implILm0EJPNSt7__cxx1112basic_stringIcSt11char_traitsIcESaIcEEESt14default_deleteIS5_EEE7_M_headERKS9_
FN:206,_ZNSt11_Tuple_implILm0EJPNSt7__cxx1112basic_stringIcSt11char_traitsIcESaIcEEESt14default_deleteIS5_EEEC2Ev
FNDA:4,_ZNSt11_Tuple_implILm0EJPNSt7__cxx1112basic_stringIcSt11char_traitsIcESaIcEEESt14default_deleteIS5_EEEC2Ev
FN:334,_ZNSt11_Tuple_implILm1EJSt14default_deleteINSt7__cxx1118basic_stringstreamIcSt11char_traitsIcESaIcEEEEEE7_M_headERS8_
FNDA:0,_ZNSt11_Tuple_implILm1EJSt14default_deleteINSt7__cxx1118basic_stringstreamIcSt11char_traitsIcESaIcEEEEEE7_M_headERS8_
FN:334,_ZNSt11_Tuple_implILm1EJSt14default_deleteINSt7__cxx1112basic_stringIcSt11char_traitsIcESaIcEEEEEE7_M_headERS8_
FNDA:0,_ZNSt11_Tuple_implILm1EJSt14default_deleteINSt7__cxx1112basic_stringIcSt11char_traitsIcESaIcEEEEEE7_M_headERS8_
FN:339,_ZNSt11_Tuple_implILm1EJSt14default_deleteINSt7__cxx1112basic_stringIcSt11char_traitsIcESaIcEEEEEEC2Ev
FNDA:4,_ZNSt11_Tuple_implILm1EJSt14default_deleteINSt7__cxx1112basic_stringIcSt11char_traitsIcESaIcEEEEEEC2Ev
FN:918,_ZNSt5tupleIJPNSt7__cxx1112basic_stringIcSt11char_traitsIcESaIcEEESt14default_deleteIS5_EEEC2IS6_S8_Lb1EEEv
FNDA:4,_ZNSt5tupleIJPNSt7__cxx1112basic_stringIcSt11char_traitsIcESaIcEEESt14default_deleteIS5_EEEC2IS6_S8_Lb1EEEv
FN:1309,_ZSt12__get_helperILm1ESt14default_deleteINSt7__cxx1118basic_stringstreamIcSt11char_traitsIcESaIcEEEEJEERT0_RSt11_Tuple_implIXT_EJS8_DpT1_EE
FNDA:0,_ZSt12__get_helperILm1ESt14default_deleteINSt7__cxx1118basic_stringstreamIcSt11char_traitsIcESaIcEEEEJEERT0_RSt11_Tuple_implIXT_EJS8_DpT1_EE
FN:1309,_ZSt12__get_helperILm0EPNSt7__cxx1112basic_stringIcSt11char_traitsIcESaIcEEEJSt14default_deleteIS5_EEERT0_RSt11_Tuple_implIXT_EJS9_DpT1_EE
FNDA:13,_ZSt12__get_helperILm0EPNSt7__cxx1112basic_stringIcSt11char_traitsIcESaIcEEEJSt14default_deleteIS5_EEERT0_RSt11_Tuple_implIXT_EJS9_DpT1_EE
FN:1309,_ZSt12__get_helperILm0EPNSt7__cxx1118basic_stringstreamIcSt11char_traitsIcESaIcEEEJSt14default_deleteIS5_EEERT0_RSt11_Tuple_implIXT_EJS9_DpT1_EE
FNDA:0,_ZSt12__get_helperILm0EPNSt7__cxx1118basic_stringstreamIcSt11char_traitsIcESaIcEEEJSt14default_deleteIS5_EEERT0_RSt11_Tuple_implIXT_EJS9_DpT1_EE
FN:1309,_ZSt12__get_helperILm1ESt14default_deleteINSt7__cxx1112basic_stringIcSt11char_traitsIcESaIcEEEEJEERT0_RSt11_Tuple_implIXT_EJS8_DpT1_EE
FNDA:0,_ZSt12__get_helperILm1ESt14default_deleteINSt7__cxx1112basic_stringIcSt11char_traitsIcESaIcEEEEJEERT0_RSt11_Tuple_implIXT_EJS8_DpT1_EE
FN:1314,_ZSt12__get_helperILm0EPNSt7__cxx1112basic_stringIcSt11char_traitsIcESaIcEEEJSt14default_deleteIS5_EEERKT0_RKSt11_Tuple_implIXT_EJS9_DpT1_EE
FNDA:0,_ZSt12__get_helperILm0EPNSt7__cxx1112basic_stringIcSt11char_traitsIcESaIcEEEJSt14default_deleteIS5_EEERKT0_RKSt11_Tuple_implIXT_EJS9_DpT1_EE
FN:1314,_ZSt12__get_helperILm0EPNSt7__cxx1118basic_stringstreamIcSt11char_traitsIcESaIcEEEJSt14default_deleteIS5_EEERKT0_RKSt11_Tuple_implIXT_EJS9_DpT1_EE
FNDA:0,_ZSt12__get_helperILm0EPNSt7__cxx1118basic_stringstreamIcSt11char_traitsIcESaIcEEEJSt14default_deleteIS5_EEERKT0_RKSt11_Tuple_implIXT_EJS9_DpT1_EE
FN:1320,_ZSt3getILm1EJPNSt7__cxx1112basic_stringIcSt11char_traitsIcESaIcEEESt14default_deleteIS5_EEERNSt13tuple_elementIXT_ESt5tupleIJDpT0_EEE4typeERSD_
FNDA:0,_ZSt3getILm1EJPNSt7__cxx1112basic_stringIcSt11char_traitsIcESaIcEEESt14default_deleteIS5_EEERNSt13tuple_elementIXT_ESt5tupleIJDpT0_EEE4typeERSD_
FN:1320,_ZSt3getILm1EJPNSt7__cxx1118basic_stringstreamIcSt11char_traitsIcESaIcEEESt14default_deleteIS5_EEERNSt13tuple_elementIXT_ESt5tupleIJDpT0_EEE4typeERSD_
FNDA:0,_ZSt3getILm1EJPNSt7__cxx1118basic_stringstreamIcSt11char_traitsIcESaIcEEESt14default_deleteIS5_EEERNSt13tuple_elementIXT_ESt5tupleIJDpT0_EEE4typeERSD_
FN:1320,_ZSt3getILm0EJPNSt7__cxx1112basic_stringIcSt11char_traitsIcESaIcEEESt14default_deleteIS5_EEERNSt13tuple_elementIXT_ESt5tupleIJDpT0_EEE4typeERSD_
FNDA:13,_ZSt3getILm0EJPNSt7__cxx1112basic_stringIcSt11char_traitsIcESaIcEEESt14default_deleteIS5_EEERNSt13tuple_elementIXT_ESt5tupleIJDpT0_EEE4typeERSD_
FN:1320,_ZSt3getILm0EJPNSt7__cxx1118basic_stringstreamIcSt11char_traitsIcESaIcEEESt14default_deleteIS5_EEERNSt13tuple_elementIXT_ESt5tupleIJDpT0_EEE4typeERSD_
FNDA:0,_ZSt3getILm0EJPNSt7__cxx1118basic_stringstreamIcSt11char_traitsIcESaIcEEESt14default_deleteIS5_EEERNSt13tuple_elementIXT_ESt5tupleIJDpT0_EEE4typeERSD_
FN:1326,_ZSt3getILm0EJPNSt7__cxx1118basic_stringstreamIcSt11char_traitsIcESaIcEEESt14default_deleteIS5_EEERKNSt13tuple_elementIXT_ESt5tupleIJDpT0_EEE4typeERKSD_
FNDA:0,_ZSt3getILm0EJPNSt7__cxx1118basic_stringstreamIcSt11char_traitsIcESaIcEEESt14default_deleteIS5_EEERKNSt13tuple_elementIXT_ESt5tupleIJDpT0_EEE4typeERKSD_
FN:1326,_ZSt3getILm0EJPNSt7__cxx1112basic_stringIcSt11char_traitsIcESaIcEEESt14default_deleteIS5_EEERKNSt13tuple_elementIXT_ESt5tupleIJDpT0_EEE4typeERKSD_
FNDA:0,_ZSt3getILm0EJPNSt7__cxx1112basic_stringIcSt11char_traitsIcESaIcEEESt14default_deleteIS5_EEERKNSt13tuple_elementIXT_ESt5tupleIJDpT0_EEE4typeERKSD_
DA:76,4
DA:77,4
DA:113,0
DA:113,0
DA:122,4
DA:123,4
DA:160,13
DA:160,0
DA:163,0
DA:163,0
DA:195,13
DA:195,0
DA:198,0
DA:198,0
DA:206,4
DA:207,4
DA:334,0
DA:334,0
DA:339,4
DA:340,4
DA:918,4
DA:919,4
DA:1309,0
DA:1310,0
DA:1309,0
DA:1310,0
DA:1309,13
DA:1310,13
DA:1309,0
DA:1310,0
DA:1314,0
DA:1315,0
DA:1314,0
DA:1315,0
DA:1320,0
DA:1321,0
DA:1320,0
DA:1321,0
DA:1320,13
DA:1321,13
DA:1320,0
DA:1321,0
DA:1326,0
DA:1327,0
DA:1326,0
DA:1327,0
end_of_record
SF:/usr/include/c++/9/bits/stl_algo.h
FN:3769,_ZSt22__gen_two_uniform_intsImRSt23mersenne_twister_engineImLm32ELm624ELm397ELm31ELm2567483615ELm11ELm4294967295ELm7ELm2636928640ELm15ELm4022730752ELm18ELm1812433253EEESt4pairIT_S4_ES4_S4_OT0_
FNDA:24,_ZSt22__gen_two_uniform_intsImRSt23mersenne_twister_engineImLm32ELm624ELm397ELm31ELm2567483615ELm11ELm4294967295ELm7ELm2636928640ELm15ELm4022730752ELm18ELm1812433253EEESt4pairIT_S4_ES4_S4_OT0_
FN:3792,_ZSt7shuffleIN9__gnu_cxx17__normal_iteratorIPiSt6vectorIiSaIiEEEERSt23mersenne_twister_engineImLm32ELm624ELm397ELm31ELm2567483615ELm11ELm4294967295ELm7ELm2636928640ELm15ELm4022730752ELm18ELm1812433253EEEvT_SA_OT0_
FNDA:6,_ZSt7shuffleIN9__gnu_cxx17__normal_iteratorIPiSt6vectorIiSaIiEEEERSt23mersenne_twister_engineImLm32ELm624ELm397ELm31ELm2567483615ELm11ELm4294967295ELm7ELm2636928640ELm15ELm4022730752ELm18ELm1812433253EEEvT_SA_OT0_
DA:3769,24
DA:3773,24
DA:3774,24
DA:3792,6
DA:3800,6
DA:3801,6
DA:3815,6
DA:3816,6
DA:3818,6
DA:3821,6
DA:3827,6
DA:3829,0
DA:3830,0
DA:3837,30
DA:3839,24
DA:3842,24
DA:3844,24
DA:3845,24
DA:3848,6
DA:3851,0
DA:3853,0
DA:3854,0
end_of_record
SF:/usr/include/c++/9/bits/basic_string.tcc
FN:206,_ZNSt7__cxx1112basic_stringIcSt11char_traitsIcESaIcEE12_M_constructIPcEEvT_S7_St20forward_iterator_tag
FNDA:0,_ZNSt7__cxx1112basic_stringIcSt11char_traitsIcESaIcEE12_M_constructIPcEEvT_S7_St20forward_iterator_tag
FN:206,_ZNSt7__cxx1112basic_stringIcSt11char_traitsIcESaIcEE12_M_constructIPKcEEvT_S8_St20forward_iterator_tag
FNDA:0,_ZNSt7__cxx1112basic_stringIcSt11char_traitsIcESaIcEE12_M_constructIPKcEEvT_S8_St20forward_iterator_tag
DA:206,0
DA:211,0
DA:212,0
DA:215,0
DA:217,0
DA:219,0
DA:220,0
DA:225,0
DA:226,0
DA:228,0
DA:229,0
DA:232,0
DA:233,0
DA:206,0
DA:211,0
DA:212,0
DA:215,0
DA:217,0
DA:219,0
DA:220,0
DA:225,0
DA:226,0
DA:228,0
DA:229,0
DA:232,0
DA:233,0
end_of_record
SF:/usr/include/c++/9/bits/vector.tcc
FN:109,_ZNSt6vectorIS_IcSaIcEESaIS1_EE12emplace_backIJS1_EEEvDpOT_
FNDA:0,_ZNSt6vectorIS_IcSaIcEESaIS1_EE12emplace_backIJS1_EEEvDpOT_
FN:109,_ZNSt6vectorIS_IS_IcSaIcEESaIS1_EESaIS3_EE12emplace_backIJS3_EEEvDpOT_
FNDA:0,_ZNSt6vectorIS_IS_IcSaIcEESaIS1_EESaIS3_EE12emplace_backIJS3_EEEvDpOT_
FN:109,_ZNSt6vectorISt4pairIiiESaIS1_EE12emplace_backIJS1_EEEvDpOT_
FNDA:1888,_ZNSt6vectorISt4pairIiiESaIS1_EE12emplace_backIJS1_EEEvDpOT_
FN:426,_ZNSt6vectorIS_IcSaIcEESaIS1_EE17_M_realloc_insertIJS1_EEEvN9__gnu_cxx17__normal_iteratorIPS1_S3_EEDpOT_
FNDA:0,_ZNSt6vectorIS_IcSaIcEESaIS1_EE17_M_realloc_insertIJS1_EEEvN9__gnu_cxx17__normal_iteratorIPS1_S3_EEDpOT_
FN:426,_ZNSt6vectorIS_IS_IcSaIcEESaIS1_EESaIS3_EE17_M_realloc_insertIJS3_EEEvN9__gnu_cxx17__normal_iteratorIPS3_S5_EEDpOT_
FNDA:0,_ZNSt6vectorIS_IS_IcSaIcEESaIS1_EESaIS3_EE17_M_realloc_insertIJS3_EEEvN9__gnu_cxx17__normal_iteratorIPS3_S5_EEDpOT_
FN:426,_ZNSt6vectorISt4pairIiiESaIS1_EE17_M_realloc_insertIJS1_EEEvN9__gnu_cxx17__normal_iteratorIPS1_S3_EEDpOT_
FNDA:27,_ZNSt6vectorISt4pairIiiESaIS1_EE17_M_realloc_insertIJS1_EEEvN9__gnu_cxx17__normal_iteratorIPS1_S3_EEDpOT_
FN:426,_ZNSt6vectorIcSaIcEE17_M_realloc_insertIJRKcEEEvN9__gnu_cxx17__normal_iteratorIPcS1_EEDpOT_
FNDA:0,_ZNSt6vectorIcSaIcEE17_M_realloc_insertIJRKcEEEvN9__gnu_cxx17__normal_iteratorIPcS1_EEDpOT_
FN:426,_ZNSt6vectorIS_IS_IcSaIcEESaIS1_EESaIS3_EE17_M_realloc_insertIJRKS3_EEEvN9__gnu_cxx17__normal_iteratorIPS3_S5_EEDpOT_
FNDA:8,_ZNSt6vectorIS_IS_IcSaIcEESaIS1_EESaIS3_EE17_M_realloc_insertIJRKS3_EEEvN9__gnu_cxx17__normal_iteratorIPS3_S5_EEDpOT_
DA:109,0
DA:112,0
DA:115,0
DA:117,0
DA:121,0
DA:125,0
DA:109,0
DA:112,0
DA:115,0
DA:117,0
DA:121,0
DA:125,0
DA:109,1888
DA:112,1888
DA:115,1861
DA:117,1861
DA:121,27
DA:125,1888
DA:426,0
DA:435,0
DA:437,0
DA:438,0
DA:439,0
DA:440,0
DA:441,0
DA:449,0
DA:450,0
DA:456,0
DA:459,0
DA:461,0
DA:462,0
DA:464,0
DA:466,0
DA:467,0
DA:474,0
DA:475,0
DA:477,0
DA:481,0
DA:482,0
DA:485,0
DA:487,0
DA:488,0
DA:489,0
DA:491,0
DA:492,0
DA:493,0
DA:496,0
DA:498,0
DA:500,0
DA:501,0
DA:502,0
DA:503,0
DA:504,0
DA:505,0
DA:426,0
DA:435,0
DA:437,0
DA:438,0
DA:439,0
DA:440,0
DA:441,0
DA:449,0
DA:450,0
DA:456,0
DA:459,0
DA:461,0
DA:462,0
DA:464,0
DA:466,0
DA:467,0
DA:474,0
DA:475,0
DA:477,0
DA:481,0
DA:482,0
DA:485,0
DA:487,0
DA:488,0
DA:489,0
DA:491,0
DA:492,0
DA:493,0
DA:496,0
DA:498,0
DA:500,0
DA:501,0
DA:502,0
DA:503,0
DA:504,0
DA:505,0
DA:426,27
DA:435,27
DA:437,27
DA:438,27
DA:439,27
DA:440,27
DA:441,27
DA:449,27
DA:450,27
DA:456,27
DA:459,27
DA:461,27
DA:462,27
DA:464,27
DA:466,27
DA:467,27
DA:474,0
DA:475,0
DA:477,0
DA:481,0
DA:482,0
DA:485,0
DA:487,0
DA:488,0
DA:489,0
DA:491,0
DA:492,0
DA:493,0
DA:496,27
DA:498,0
DA:500,27
DA:501,27
DA:502,27
DA:503,27
DA:504,27
DA:505,27
DA:426,0
DA:435,0
DA:437,0
DA:438,0
DA:439,0
DA:440,0
DA:441,0
DA:449,0
DA:456,0
DA:459,0
DA:461,0
DA:462,0
DA:464,0
DA:466,0
DA:467,0
DA:474,0
DA:475,0
DA:477,0
DA:481,0
DA:482,0
DA:485,0
DA:487,0
DA:488,0
DA:491,0
DA:492,0
DA:493,0
DA:496,0
DA:498,0
DA:500,0
DA:501,0
DA:502,0
DA:503,0
DA:504,0
DA:505,0
DA:426,8
DA:435,8
DA:437,8
DA:438,8
DA:439,8
DA:440,8
DA:441,8
DA:449,8
DA:450,8
DA:456,8
DA:459,8
DA:461,8
DA:462,8
DA:464,8
DA:466,8
DA:467,8
DA:474,0
DA:475,0
DA:477,0
DA:481,0
DA:482,0
DA:485,0
DA:487,0
DA:488,0
DA:489,0
DA:491,0
DA:492,0
DA:493,0
DA:496,8
DA:498,0
DA:500,8
DA:501,8
DA:502,8
DA:503,8
DA:504,8
DA:505,8
end_of_record
SF:/usr/include/c++/9/bits/stl_vector.h
FN:94,_ZNSt12_Vector_baseIiSaIiEE17_Vector_impl_dataC2Ev
FNDA:9,_ZNSt12_Vector_baseIiSaIiEE17_Vector_impl_dataC2Ev
FN:94,_ZNSt12_Vector_baseISt4pairIiiESaIS1_EE17_Vector_impl_dataC2Ev
FNDA:10,_ZNSt12_Vector_baseISt4pairIiiESaIS1_EE17_Vector_impl_dataC2Ev
FN:94,_ZNSt12_Vector_baseISt6vectorIS0_IcSaIcEESaIS2_EESaIS4_EE17_Vector_impl_dataC2Ev
FNDA:114,_ZNSt12_Vector_baseISt6vectorIS0_IcSaIcEESaIS2_EESaIS4_EE17_Vector_impl_dataC2Ev
FN:94,_ZNSt12_Vector_baseISt6vectorIcSaIcEESaIS2_EE17_Vector_impl_dataC2Ev
FNDA:430,_ZNSt12_Vector_baseISt6vectorIcSaIcEESaIS2_EE17_Vector_impl_dataC2Ev
FN:94,_ZNSt12_Vector_baseIcSaIcEE17_Vector_impl_dataC2Ev
FNDA:3911,_ZNSt12_Vector_baseIcSaIcEE17_Vector_impl_dataC2Ev
FN:99,_ZNSt12_Vector_baseIcSaIcEE17_Vector_impl_dataC2EOS2_
FNDA:0,_ZNSt12_Vector_baseIcSaIcEE17_Vector_impl_dataC2EOS2_
FN:99,_ZNSt12_Vector_baseISt6vectorIcSaIcEESaIS2_EE17_Vector_impl_dataC2EOS5_
FNDA:2,_ZNSt12_Vector_baseISt6vectorIcSaIcEESaIS2_EE17_Vector_impl_dataC2EOS5_
FN:106,_ZNSt12_Vector_baseISt6vectorIcSaIcEESaIS2_EE17_Vector_impl_data12_M_copy_dataERKS5_
FNDA:0,_ZNSt12_Vector_baseISt6vectorIcSaIcEESaIS2_EE17_Vector_impl_data12_M_copy_dataERKS5_
FN:114,_ZNSt12_Vector_baseISt6vectorIcSaIcEESaIS2_EE17_Vector_impl_data12_M_swap_dataERS5_
FNDA:0,_ZNSt12_Vector_baseISt6vectorIcSaIcEESaIS2_EE17_Vector_impl_data12_M_swap_dataERS5_
FN:128,_ZNSt12_Vector_baseISt6vectorIS0_IcSaIcEESaIS2_EESaIS4_EE12_Vector_implC2Ev
FNDA:11,_ZNSt12_Vector_baseISt6vectorIS0_IcSaIcEESaIS2_EESaIS4_EE12_Vector_implC2Ev
FN:128,_ZNSt12_Vector_baseISt4pairIiiESaIS1_EE12_Vector_implC2Ev
FNDA:10,_ZNSt12_Vector_baseISt4pairIiiESaIS1_EE12_Vector_implC2Ev
FN:128,_ZNSt12_Vector_baseISt6vectorIcSaIcEESaIS2_EE12_Vector_implC2Ev
FNDA:0,_ZNSt12_Vector_baseISt6vectorIcSaIcEESaIS2_EE12_Vector_implC2Ev
FN:128,_ZNSt12_Vector_baseIcSaIcEE12_Vector_implC2Ev
FNDA:0,_ZNSt12_Vector_baseIcSaIcEE12_Vector_implC2Ev
FN:133,_ZNSt12_Vector_baseISt6vectorIcSaIcEESaIS2_EE12_Vector_implC2ERKS3_
FNDA:430,_ZNSt12_Vector_baseISt6vectorIcSaIcEESaIS2_EE12_Vector_implC2ERKS3_
FN:133,_ZNSt12_Vector_baseISt6vectorIS0_IcSaIcEESaIS2_EESaIS4_EE12_Vector_implC2ERKS5_
FNDA:103,_ZNSt12_Vector_baseISt6vectorIS0_IcSaIcEESaIS2_EESaIS4_EE12_Vector_implC2ERKS5_
FN:133,_ZNSt12_Vector_baseIiSaIiEE12_Vector_implC2ERKS0_
FNDA:9,_ZNSt12_Vector_baseIiSaIiEE12_Vector_implC2ERKS0_
FN:133,_ZNSt12_Vector_baseIcSaIcEE12_Vector_implC2ERKS0_
FNDA:3911,_ZNSt12_Vector_baseIcSaIcEE12_Vector_implC2ERKS0_
FN:140,_ZNSt12_Vector_baseIcSaIcEE12_Vector_implC2EOS2_
FNDA:0,_ZNSt12_Vector_baseIcSaIcEE12_Vector_implC2EOS2_
FN:140,_ZNSt12_Vector_baseISt6vectorIcSaIcEESaIS2_EE12_Vector_implC2EOS5_
FNDA:2,_ZNSt12_Vector_baseISt6vectorIcSaIcEESaIS2_EE12_Vector_implC2EOS5_
FN:273,_ZNSt12_Vector_baseISt4pairIiiESaIS1_EE19_M_get_Tp_allocatorEv
FNDA:164,_ZNSt12_Vector_baseISt4pairIiiESaIS1_EE19_M_get_Tp_allocatorEv
FN:273,_ZNSt12_Vector_baseISt6vectorIS0_IcSaIcEESaIS2_EESaIS4_EE19_M_get_Tp_allocatorEv
FNDA:333,_ZNSt12_Vector_baseISt6vectorIS0_IcSaIcEESaIS2_EESaIS4_EE19_M_get_Tp_allocatorEv
FN:273,_ZNSt12_Vector_baseIcSaIcEE19_M_get_Tp_allocatorEv
FNDA:7858,_ZNSt12_Vector_baseIcSaIcEE19_M_get_Tp_allocatorEv
FN:273,_ZNSt12_Vector_baseIiSaIiEE19_M_get_Tp_allocatorEv
FNDA:20,_ZNSt12_Vector_baseIiSaIiEE19_M_get_Tp_allocatorEv
FN:273,_ZNSt12_Vector_baseISt6vectorIcSaIcEESaIS2_EE19_M_get_Tp_allocatorEv
FNDA:866,_ZNSt12_Vector_baseISt6vectorIcSaIcEESaIS2_EE19_M_get_Tp_allocatorEv
FN:277,_ZNKSt12_Vector_baseISt6vectorIS0_IcSaIcEESaIS2_EESaIS4_EE19_M_get_Tp_allocatorEv
FNDA:119,_ZNKSt12_Vector_baseISt6vectorIS0_IcSaIcEESaIS2_EESaIS4_EE19_M_get_Tp_allocatorEv
FN:277,_ZNKSt12_Vector_baseISt6vectorIcSaIcEESaIS2_EE19_M_get_Tp_allocatorEv
FNDA:421,_ZNKSt12_Vector_baseISt6vectorIcSaIcEESaIS2_EE19_M_get_Tp_allocatorEv
FN:277,_ZNKSt12_Vector_baseIcSaIcEE19_M_get_Tp_allocatorEv
FNDA:3870,_ZNKSt12_Vector_baseIcSaIcEE19_M_get_Tp_allocatorEv
FN:277,_ZNKSt12_Vector_baseIiSaIiEE19_M_get_Tp_allocatorEv
FNDA:1,_ZNKSt12_Vector_baseIiSaIiEE19_M_get_Tp_allocatorEv
FN:277,_ZNKSt12_Vector_baseISt4pairIiiESaIS1_EE19_M_get_Tp_allocatorEv
FNDA:54,_ZNKSt12_Vector_baseISt4pairIiiESaIS1_EE19_M_get_Tp_allocatorEv
FN:281,_ZNKSt12_Vector_baseISt6vectorIcSaIcEESaIS2_EE13get_allocatorEv
FNDA:0,_ZNKSt12_Vector_baseISt6vectorIcSaIcEESaIS2_EE13get_allocatorEv
FN:285,_ZNSt12_Vector_baseIcSaIcEEC2Ev
FNDA:0,_ZNSt12_Vector_baseIcSaIcEEC2Ev
FN:285,_ZNSt12_Vector_baseISt6vectorIcSaIcEESaIS2_EEC2Ev
FNDA:0,_ZNSt12_Vector_baseISt6vectorIcSaIcEESaIS2_EEC2Ev
FN:285,_ZNSt12_Vector_baseISt4pairIiiESaIS1_EEC2Ev
FNDA:10,_ZNSt12_Vector_baseISt4pairIiiESaIS1_EEC2Ev
FN:285,_ZNSt12_Vector_baseISt6vectorIS0_IcSaIcEESaIS2_EESaIS4_EEC2Ev
FNDA:11,_ZNSt12_Vector_baseISt6vectorIS0_IcSaIcEESaIS2_EESaIS4_EEC2Ev
FN:290,_ZNSt12_Vector_baseIcSaIcEEC2ERKS0_
FNDA:36,_ZNSt12_Vector_baseIcSaIcEEC2ERKS0_
FN:290,_ZNSt12_Vector_baseISt6vectorIcSaIcEESaIS2_EEC2ERKS3_
FNDA:4,_ZNSt12_Vector_baseISt6vectorIcSaIcEESaIS2_EEC2ERKS3_
FN:290,_ZNSt12_Vector_baseIiSaIiEEC2ERKS0_
FNDA:2,_ZNSt12_Vector_baseIiSaIiEEC2ERKS0_
FN:300,_ZNSt12_Vector_baseIiSaIiEEC2EmRKS0_
FNDA:7,_ZNSt12_Vector_baseIiSaIiEEC2EmRKS0_
FN:300,_ZNSt12_Vector_baseISt6vectorIS0_IcSaIcEESaIS2_EESaIS4_EEC2EmRKS5_
FNDA:103,_ZNSt12_Vector_baseISt6vectorIS0_IcSaIcEESaIS2_EESaIS4_EEC2EmRKS5_
FN:300,_ZNSt12_Vector_baseIcSaIcEEC2EmRKS0_
FNDA:3875,_ZNSt12_Vector_baseIcSaIcEEC2EmRKS0_
FN:300,_ZNSt12_Vector_baseISt6vectorIcSaIcEESaIS2_EEC2EmRKS3_
FNDA:426,_ZNSt12_Vector_baseISt6vectorIcSaIcEESaIS2_EEC2EmRKS3_
FN:305,_ZNSt12_Vector_baseISt6vectorIcSaIcEESaIS2_EEC2EOS4_
FNDA:2,_ZNSt12_Vector_baseISt6vectorIcSaIcEESaIS2_EEC2EOS4_
FN:305,_ZNSt12_Vector_baseIcSaIcEEC2EOS1_
FNDA:0,_ZNSt12_Vector_baseIcSaIcEEC2EOS1_
FN:330,_ZNSt12_Vector_baseIcSaIcEED2Ev
FNDA:3911,_ZNSt12_Vector_baseIcSaIcEED2Ev
FN:330,_ZNSt12_Vector_baseISt6vectorIS0_IcSaIcEESaIS2_EESaIS4_EED2Ev
FNDA:114,_ZNSt12_Vector_baseISt6vectorIS0_IcSaIcEESaIS2_EESaIS4_EED2Ev
FN:330,_ZNSt12_Vector_baseISt6vectorIcSaIcEESaIS2_EED2Ev
FNDA:432,_ZNSt12_Vector_baseISt6vectorIcSaIcEESaIS2_EED2Ev
FN:330,_ZNSt12_Vector_baseISt4pairIiiESaIS1_EED2Ev
FNDA:10,_ZNSt12_Vector_baseISt4pairIiiESaIS1_EED2Ev
FN:330,_ZNSt12_Vector_baseIiSaIiEED2Ev
FNDA:9,_ZNSt12_Vector_baseIiSaIiEED2Ev
FN:340,_ZNSt12_Vector_baseIcSaIcEE11_M_allocateEm
FNDA:3911,_ZNSt12_Vector_baseIcSaIcEE11_M_allocateEm
FN:340,_ZNSt12_Vector_baseISt4pairIiiESaIS1_EE11_M_allocateEm
FNDA:27,_ZNSt12_Vector_baseISt4pairIiiESaIS1_EE11_M_allocateEm
FN:340,_ZNSt12_Vector_baseISt6vectorIS0_IcSaIcEESaIS2_EESaIS4_EE11_M_allocateEm
FNDA:111,_ZNSt12_Vector_baseISt6vectorIS0_IcSaIcEESaIS2_EESaIS4_EE11_M_allocateEm
FN:340,_ZNSt12_Vector_baseISt6vectorIcSaIcEESaIS2_EE11_M_allocateEm
FNDA:430,_ZNSt12_Vector_baseISt6vectorIcSaIcEESaIS2_EE11_M_allocateEm
FN:340,_ZNSt12_Vector_baseIiSaIiEE11_M_allocateEm
FNDA:9,_ZNSt12_Vector_baseIiSaIiEE11_M_allocateEm
FN:347,_ZNSt12_Vector_baseISt6vectorIS0_IcSaIcEESaIS2_EESaIS4_EE13_M_deallocateEPS4_m
FNDA:122,_ZNSt12_Vector_baseISt6vectorIS0_IcSaIcEESaIS2_EESaIS4_EE13_M_deallocateEPS4_m
FN:347,_ZNSt12_Vector_baseIiSaIiEE13_M_deallocateEPim
FNDA:9,_ZNSt12_Vector_baseIiSaIiEE13_M_deallocateEPim
FN:347,_ZNSt12_Vector_baseIcSaIcEE13_M_deallocateEPcm
FNDA:3911,_ZNSt12_Vector_baseIcSaIcEE13_M_deallocateEPcm
FN:347,_ZNSt12_Vector_baseISt6vectorIcSaIcEESaIS2_EE13_M_deallocateEPS2_m
FNDA:432,_ZNSt12_Vector_baseISt6vectorIcSaIcEESaIS2_EE13_M_deallocateEPS2_m
FN:347,_ZNSt12_Vector_baseISt4pairIiiESaIS1_EE13_M_deallocateEPS1_m
FNDA:37,_ZNSt12_Vector_baseISt4pairIiiESaIS1_EE13_M_deallocateEPS1_m
FN:356,_ZNSt12_Vector_baseISt6vectorIcSaIcEESaIS2_EE17_M_create_storageEm
FNDA:426,_ZNSt12_Vector_baseISt6vectorIcSaIcEESaIS2_EE17_M_create_storageEm
FN:356,_ZNSt12_Vector_baseIcSaIcEE17_M_create_storageEm
FNDA:3875,_ZNSt12_Vector_baseIcSaIcEE17_M_create_storageEm
FN:356,_ZNSt12_Vector_baseIiSaIiEE17_M_create_storageEm
FNDA:7,_ZNSt12_Vector_baseIiSaIiEE17_M_create_storageEm
FN:356,_ZNSt12_Vector_baseISt6vectorIS0_IcSaIcEESaIS2_EESaIS4_EE17_M_create_storageEm
FNDA:103,_ZNSt12_Vector_baseISt6vectorIS0_IcSaIcEESaIS2_EESaIS4_EE17_M_create_storageEm
FN:428,_ZNSt6vectorIcSaIcEE19_S_nothrow_relocateESt17integral_constantIbLb1EE
FNDA:0,_ZNSt6vectorIcSaIcEE19_S_nothrow_relocateESt17integral_constantIbLb1EE
FN:428,_ZNSt6vectorIS_IS_IcSaIcEESaIS1_EESaIS3_EE19_S_nothrow_relocateESt17integral_constantIbLb1EE
FNDA:16,_ZNSt6vectorIS_IS_IcSaIcEESaIS1_EESaIS3_EE19_S_nothrow_relocateESt17integral_constantIbLb1EE
FN:428,_ZNSt6vectorISt4pairIiiESaIS1_EE19_S_nothrow_relocateESt17integral_constantIbLb1EE
FNDA:54,_ZNSt6vectorISt4pairIiiESaIS1_EE19_S_nothrow_relocateESt17integral_constantIbLb1EE
FN:428,_ZNSt6vectorIS_IcSaIcEESaIS1_EE19_S_nothrow_relocateESt17integral_constantIbLb1EE
FNDA:0,_ZNSt6vectorIS_IcSaIcEESaIS1_EE19_S_nothrow_relocateESt17integral_constantIbLb1EE
FN:441,_ZNSt6vectorIS_IS_IcSaIcEESaIS1_EESaIS3_EE15_S_use_relocateEv
FNDA:16,_ZNSt6vectorIS_IS_IcSaIcEESaIS1_EESaIS3_EE15_S_use_relocateEv
FN:441,_ZNSt6vectorISt4pairIiiESaIS1_EE15_S_use_relocateEv
FNDA:54,_ZNSt6vectorISt4pairIiiESaIS1_EE15_S_use_relocateEv
FN:441,_ZNSt6vectorIS_IcSaIcEESaIS1_EE15_S_use_relocateEv
FNDA:0,_ZNSt6vectorIS_IcSaIcEESaIS1_EE15_S_use_relocateEv
FN:441,_ZNSt6vectorIcSaIcEE15_S_use_relocateEv
FNDA:0,_ZNSt6vectorIcSaIcEE15_S_use_relocateEv
FN:450,_ZNSt6vectorIcSaIcEE14_S_do_relocateEPcS2_S2_RS0_St17integral_constantIbLb1EE
FNDA:0,_ZNSt6vectorIcSaIcEE14_S_do_relocateEPcS2_S2_RS0_St17integral_constantIbLb1EE
FN:450,_ZNSt6vectorIS_IS_IcSaIcEESaIS1_EESaIS3_EE14_S_do_relocateEPS3_S6_S6_RS4_St17integral_constantIbLb1EE
FNDA:16,_ZNSt6vectorIS_IS_IcSaIcEESaIS1_EESaIS3_EE14_S_do_relocateEPS3_S6_S6_RS4_St17integral_constantIbLb1EE
FN:450,_ZNSt6vectorIS_IcSaIcEESaIS1_EE14_S_do_relocateEPS1_S4_S4_RS2_St17integral_constantIbLb1EE
FNDA:0,_ZNSt6vectorIS_IcSaIcEESaIS1_EE14_S_do_relocateEPS1_S4_S4_RS2_St17integral_constantIbLb1EE
FN:450,_ZNSt6vectorISt4pairIiiESaIS1_EE14_S_do_relocateEPS1_S4_S4_RS2_St17integral_constantIbLb1EE
FNDA:54,_ZNSt6vectorISt4pairIiiESaIS1_EE14_S_do_relocateEPS1_S4_S4_RS2_St17integral_constantIbLb1EE
FN:462,_ZNSt6vectorISt4pairIiiESaIS1_EE11_S_relocateEPS1_S4_S4_RS2_
FNDA:54,_ZNSt6vectorISt4pairIiiESaIS1_EE11_S_relocateEPS1_S4_S4_RS2_
FN:462,_ZNSt6vectorIcSaIcEE11_S_relocateEPcS2_S2_RS0_
[...]
DA:123,48
DA:151,48
DA:153,48
DA:198,128
DA:203,128
DA:204,0
DA:205,128
DA:222,35
DA:227,35
DA:228,10
DA:229,25
DA:280,72
DA:282,72
DA:280,4
DA:282,4
DA:280,0
DA:282,0
DA:280,9
DA:282,9
DA:280,162
DA:282,162
DA:280,3911
DA:282,3911
DA:280,48
DA:282,48
DA:295,3911
DA:296,3911
DA:295,9
DA:296,9
DA:375,0
DA:384,0
DA:385,0
DA:386,0
DA:387,0
DA:375,3
DA:384,3
DA:385,3
DA:386,3
DA:387,3
DA:375,3906
DA:384,3906
DA:385,3906
DA:386,3906
DA:387,3906
DA:393,0
DA:398,0
DA:404,0
DA:393,3
DA:398,3
DA:404,3
DA:393,3906
DA:398,3906
DA:404,3906
DA:438,0
DA:440,0
DA:443,0
DA:438,36
DA:440,36
DA:443,36
DA:438,2
DA:440,2
DA:443,2
DA:438,1
DA:440,1
DA:443,1
DA:438,3870
DA:440,3870
DA:443,3870
DA:465,0
DA:474,0
DA:465,36
DA:474,36
DA:465,2
DA:474,2
DA:465,1
DA:474,1
DA:465,3870
DA:474,3870
DA:721,5
DA:723,5
DA:724,5
DA:725,5
DA:726,5
DA:767,6
DA:769,6
DA:770,6
DA:771,60
DA:772,54
DA:773,6
DA:779,5
DA:781,5
DA:782,5
DA:802,5
DA:808,5
DA:809,5
DA:802,6
DA:808,6
DA:809,6
DA:817,10
DA:819,10
DA:820,9
DA:821,0
DA:822,1
DA:831,9
DA:833,9
DA:834,9
DA:835,0
DA:831,1
DA:833,1
DA:834,1
DA:835,0
DA:841,9
DA:845,9
DA:851,9
DA:841,1
DA:845,1
DA:851,1
DA:841,1
DA:845,1
DA:851,1
DA:1059,9
DA:1069,9
DA:1071,9
DA:1059,1
DA:1069,1
DA:1071,1
DA:1059,1
DA:1069,1
DA:1071,1
end_of_record
SF:/usr/include/c++/9/bits/random.h
FN:135,_ZNSt8__detail4_ModImLm624ELm1ELm0ELb1ELb1EE6__calcEm
FNDA:3738,_ZNSt8__detail4_ModImLm624ELm1ELm0ELb1ELb1EE6__calcEm
FN:135,_ZNSt8__detail4_ModImLm4294967296ELm1ELm0ELb1ELb1EE6__calcEm
FNDA:3744,_ZNSt8__detail4_ModImLm4294967296ELm1ELm0ELb1ELb1EE6__calcEm
FN:146,_ZNSt8__detail5__modImLm624ELm1ELm0EEET_S1_
FNDA:3738,_ZNSt8__detail5__modImLm624ELm1ELm0EEET_S1_
FN:146,_ZNSt8__detail5__modImLm4294967296ELm1ELm0EEET_S1_
FNDA:3744,_ZNSt8__detail5__modImLm4294967296ELm1ELm0EEET_S1_
FN:519,_ZNSt23mersenne_twister_engineImLm32ELm624ELm397ELm31ELm2567483615ELm11ELm4294967295ELm7ELm2636928640ELm15ELm4022730752ELm18ELm1812433253EEC2Em
FNDA:6,_ZNSt23mersenne_twister_engineImLm32ELm624ELm397ELm31ELm2567483615ELm11ELm4294967295ELm7ELm2636928640ELm15ELm4022730752ELm18ELm1812433253EEC2Em
DA:135,3738
DA:137,3738
DA:139,3738
DA:140,3738
DA:135,3744
DA:137,3744
DA:139,3744
DA:140,3744
DA:146,3738
DA:147,3738
DA:146,3744
DA:147,3744
DA:519,6
DA:520,6
end_of_record
SF:/usr/include/c++/9/bits/unique_ptr.h
FN:75,_ZNKSt14default_deleteINSt7__cxx1112basic_stringIcSt11char_traitsIcESaIcEEEEclEPS5_
FNDA:0,_ZNKSt14default_deleteINSt7__cxx1112basic_stringIcSt11char_traitsIcESaIcEEEEclEPS5_
FN:75,_ZNKSt14default_deleteINSt7__cxx1118basic_stringstreamIcSt11char_traitsIcESaIcEEEEclEPS5_
FNDA:0,_ZNKSt14default_deleteINSt7__cxx1118basic_stringstreamIcSt11char_traitsIcESaIcEEEEclEPS5_
FN:146,_ZNSt15__uniq_ptr_implINSt7__cxx1112basic_stringIcSt11char_traitsIcESaIcEEESt14default_deleteIS5_EEC2Ev
FNDA:4,_ZNSt15__uniq_ptr_implINSt7__cxx1112basic_stringIcSt11char_traitsIcESaIcEEESt14default_deleteIS5_EEC2Ev
FN:153,_ZNSt15__uniq_ptr_implINSt7__cxx1112basic_stringIcSt11char_traitsIcESaIcEEESt14default_deleteIS5_EE6_M_ptrEv
FNDA:13,_ZNSt15__uniq_ptr_implINSt7__cxx1112basic_stringIcSt11char_traitsIcESaIcEEESt14default_deleteIS5_EE6_M_ptrEv
FN:153,_ZNSt15__uniq_ptr_implINSt7__cxx1118basic_stringstreamIcSt11char_traitsIcESaIcEEESt14default_deleteIS5_EE6_M_ptrEv
FNDA:0,_ZNSt15__uniq_ptr_implINSt7__cxx1118basic_stringstreamIcSt11char_traitsIcESaIcEEESt14default_deleteIS5_EE6_M_ptrEv
FN:154,_ZNKSt15__uniq_ptr_implINSt7__cxx1118basic_stringstreamIcSt11char_traitsIcESaIcEEESt14default_deleteIS5_EE6_M_ptrEv
FNDA:0,_ZNKSt15__uniq_ptr_implINSt7__cxx1118basic_stringstreamIcSt11char_traitsIcESaIcEEESt14default_deleteIS5_EE6_M_ptrEv
FN:154,_ZNKSt15__uniq_ptr_implINSt7__cxx1112basic_stringIcSt11char_traitsIcESaIcEEESt14default_deleteIS5_EE6_M_ptrEv
FNDA:0,_ZNKSt15__uniq_ptr_implINSt7__cxx1112basic_stringIcSt11char_traitsIcESaIcEEESt14default_deleteIS5_EE6_M_ptrEv
FN:155,_ZNSt15__uniq_ptr_implINSt7__cxx1118basic_stringstreamIcSt11char_traitsIcESaIcEEESt14default_deleteIS5_EE10_M_deleterEv
FNDA:0,_ZNSt15__uniq_ptr_implINSt7__cxx1118basic_stringstreamIcSt11char_traitsIcESaIcEEESt14default_deleteIS5_EE10_M_deleterEv
FN:155,_ZNSt15__uniq_ptr_implINSt7__cxx1112basic_stringIcSt11char_traitsIcESaIcEEESt14default_deleteIS5_EE10_M_deleterEv
FNDA:0,_ZNSt15__uniq_ptr_implINSt7__cxx1112basic_stringIcSt11char_traitsIcESaIcEEESt14default_deleteIS5_EE10_M_deleterEv
FN:199,_ZNSt10unique_ptrINSt7__cxx1112basic_stringIcSt11char_traitsIcESaIcEEESt14default_deleteIS5_EEC2IS7_vEEv
FNDA:4,_ZNSt10unique_ptrINSt7__cxx1112basic_stringIcSt11char_traitsIcESaIcEEESt14default_deleteIS5_EEC2IS7_vEEv
FN:286,_ZNSt10unique_ptrINSt7__cxx1118basic_stringstreamIcSt11char_traitsIcESaIcEEESt14default_deleteIS5_EED2Ev
FNDA:0,_ZNSt10unique_ptrINSt7__cxx1118basic_stringstreamIcSt11char_traitsIcESaIcEEESt14default_deleteIS5_EED2Ev
FN:286,_ZNSt10unique_ptrINSt7__cxx1112basic_stringIcSt11char_traitsIcESaIcEEESt14default_deleteIS5_EED2Ev
FNDA:13,_ZNSt10unique_ptrINSt7__cxx1112basic_stringIcSt11char_traitsIcESaIcEEESt14default_deleteIS5_EED2Ev
FN:344,_ZNKSt10unique_ptrINSt7__cxx1118basic_stringstreamIcSt11char_traitsIcESaIcEEESt14default_deleteIS5_EEdeEv
FNDA:0,_ZNKSt10unique_ptrINSt7__cxx1118basic_stringstreamIcSt11char_traitsIcESaIcEEESt14default_deleteIS5_EEdeEv
FN:352,_ZNKSt10unique_ptrINSt7__cxx1112basic_stringIcSt11char_traitsIcESaIcEEESt14default_deleteIS5_EEptEv
FNDA:0,_ZNKSt10unique_ptrINSt7__cxx1112basic_stringIcSt11char_traitsIcESaIcEEESt14default_deleteIS5_EEptEv
FN:360,_ZNKSt10unique_ptrINSt7__cxx1118basic_stringstreamIcSt11char_traitsIcESaIcEEESt14default_deleteIS5_EE3getEv
FNDA:0,_ZNKSt10unique_ptrINSt7__cxx1118basic_stringstreamIcSt11char_traitsIcESaIcEEESt14default_deleteIS5_EE3getEv
FN:360,_ZNKSt10unique_ptrINSt7__cxx1112basic_stringIcSt11char_traitsIcESaIcEEESt14default_deleteIS5_EE3getEv
FNDA:0,_ZNKSt10unique_ptrINSt7__cxx1112basic_stringIcSt11char_traitsIcESaIcEEESt14default_deleteIS5_EE3getEv
FN:365,_ZNSt10unique_ptrINSt7__cxx1118basic_stringstreamIcSt11char_traitsIcESaIcEEESt14default_deleteIS5_EE11get_deleterEv
FNDA:0,_ZNSt10unique_ptrINSt7__cxx1118basic_stringstreamIcSt11char_traitsIcESaIcEEESt14default_deleteIS5_EE11get_deleterEv
FN:365,_ZNSt10unique_ptrINSt7__cxx1112basic_stringIcSt11char_traitsIcESaIcEEESt14default_deleteIS5_EE11get_deleterEv
FNDA:0,_ZNSt10unique_ptrINSt7__cxx1112basic_stringIcSt11char_traitsIcESaIcEEESt14default_deleteIS5_EE11get_deleterEv
FN:395,_ZNSt10unique_ptrINSt7__cxx1112basic_stringIcSt11char_traitsIcESaIcEEESt14default_deleteIS5_EE5resetEPS5_
FNDA:0,_ZNSt10unique_ptrINSt7__cxx1112basic_stringIcSt11char_traitsIcESaIcEEESt14default_deleteIS5_EE5resetEPS5_
DA:75,0
DA:81,0
DA:82,0
DA:75,0
DA:81,0
DA:82,0
DA:146,4
DA:153,13
DA:153,0
DA:154,0
DA:154,0
DA:155,0
DA:155,0
DA:199,4
DA:200,4
DA:201,4
DA:286,13
DA:290,13
DA:291,13
DA:292,0
DA:293,13
DA:294,13
DA:286,0
DA:290,0
DA:291,0
DA:292,0
DA:293,0
DA:294,0
DA:344,0
DA:347,0
DA:352,0
DA:355,0
DA:360,0
DA:361,0
DA:360,0
DA:361,0
DA:365,0
DA:366,0
DA:365,0
DA:366,0
DA:395,0
DA:400,0
DA:401,0
DA:402,0
DA:403,0
end_of_record
SF:/usr/include/c++/9/bits/stl_iterator_base_types.h
FN:205,_ZSt19__iterator_categoryIPcENSt15iterator_traitsIT_E17iterator_categoryERKS2_
FNDA:0,_ZSt19__iterator_categoryIPcENSt15iterator_traitsIT_E17iterator_categoryERKS2_
FN:205,_ZSt19__iterator_categoryIPKSt6vectorIcSaIcEEENSt15iterator_traitsIT_E17iterator_categoryERKS6_
FNDA:4,_ZSt19__iterator_categoryIPKSt6vectorIcSaIcEEENSt15iterator_traitsIT_E17iterator_categoryERKS6_
FN:205,_ZSt19__iterator_categoryIPKcENSt15iterator_traitsIT_E17iterator_categoryERKS3_
FNDA:36,_ZSt19__iterator_categoryIPKcENSt15iterator_traitsIT_E17iterator_categoryERKS3_
FN:205,_ZSt19__iterator_categoryIPKiENSt15iterator_traitsIT_E17iterator_categoryERKS3_
FNDA:2,_ZSt19__iterator_categoryIPKiENSt15iterator_traitsIT_E17iterator_categoryERKS3_
DA:205,0
DA:206,0
DA:205,4
DA:206,4
DA:205,36
DA:206,36
DA:205,2
DA:206,2
end_of_record
SF:/usr/include/c++/9/bits/stl_construct.h
FN:74,_ZSt10_ConstructISt4pairIiiEJS1_EEvPT_DpOT0_
FNDA:0,_ZSt10_ConstructISt4pairIiiEJS1_EEvPT_DpOT0_
FN:74,_ZSt10_ConstructISt6vectorIS0_IcSaIcEESaIS2_EEJS4_EEvPT_DpOT0_
FNDA:0,_ZSt10_ConstructISt6vectorIS0_IcSaIcEESaIS2_EEJS4_EEvPT_DpOT0_
FN:74,_ZSt10_ConstructISt6vectorIS0_IcSaIcEESaIS2_EEJRKS4_EEvPT_DpOT0_
FNDA:107,_ZSt10_ConstructISt6vectorIS0_IcSaIcEESaIS2_EEJRKS4_EEvPT_DpOT0_
FN:74,_ZSt10_ConstructISt6vectorIcSaIcEEJRKS2_EEvPT_DpOT0_
FNDA:3870,_ZSt10_ConstructISt6vectorIcSaIcEEJRKS2_EEvPT_DpOT0_
FN:74,_ZSt10_ConstructISt6vectorIcSaIcEEJS2_EEvPT_DpOT0_
FNDA:0,_ZSt10_ConstructISt6vectorIcSaIcEEJS2_EEvPT_DpOT0_
FN:97,_ZSt8_DestroyISt6vectorIcSaIcEEEvPT_
FNDA:3870,_ZSt8_DestroyISt6vectorIcSaIcEEEvPT_
FN:97,_ZSt8_DestroyISt6vectorIS0_IcSaIcEESaIS2_EEEvPT_
FNDA:214,_ZSt8_DestroyISt6vectorIS0_IcSaIcEESaIS2_EEEvPT_
FN:105,_ZNSt12_Destroy_auxILb0EE9__destroyIPSt6vectorIS2_IcSaIcEESaIS4_EEEEvT_S8_
FNDA:214,_ZNSt12_Destroy_auxILb0EE9__destroyIPSt6vectorIS2_IcSaIcEESaIS4_EEEEvT_S8_
FN:105,_ZNSt12_Destroy_auxILb0EE9__destroyIPSt6vectorIcSaIcEEEEvT_S6_
FNDA:432,_ZNSt12_Destroy_auxILb0EE9__destroyIPSt6vectorIcSaIcEEEEvT_S6_
FN:117,_ZNSt12_Destroy_auxILb1EE9__destroyIPiEEvT_S3_
FNDA:9,_ZNSt12_Destroy_auxILb1EE9__destroyIPiEEvT_S3_
FN:117,_ZNSt12_Destroy_auxILb1EE9__destroyIPSt4pairIiiEEEvT_S5_
FNDA:110,_ZNSt12_Destroy_auxILb1EE9__destroyIPSt4pairIiiEEEvT_S5_
FN:117,_ZNSt12_Destroy_auxILb1EE9__destroyIPcEEvT_S3_
FNDA:3911,_ZNSt12_Destroy_auxILb1EE9__destroyIPcEEvT_S3_
FN:127,_ZSt8_DestroyIPcEvT_S1_
FNDA:3911,_ZSt8_DestroyIPcEvT_S1_
FN:127,_ZSt8_DestroyIPiEvT_S1_
FNDA:9,_ZSt8_DestroyIPiEvT_S1_
FN:127,_ZSt8_DestroyIPSt6vectorIcSaIcEEEvT_S4_
FNDA:432,_ZSt8_DestroyIPSt6vectorIcSaIcEEEvT_S4_
FN:127,_ZSt8_DestroyIPSt4pairIiiEEvT_S3_
FNDA:110,_ZSt8_DestroyIPSt4pairIiiEEvT_S3_
FN:127,_ZSt8_DestroyIPSt6vectorIS0_IcSaIcEESaIS2_EEEvT_S6_
FNDA:214,_ZSt8_DestroyIPSt6vectorIS0_IcSaIcEESaIS2_EEEvT_S6_
FN:203,_ZSt8_DestroyIPccEvT_S1_RSaIT0_E
FNDA:3911,_ZSt8_DestroyIPccEvT_S1_RSaIT0_E
FN:203,_ZSt8_DestroyIPiiEvT_S1_RSaIT0_E
FNDA:9,_ZSt8_DestroyIPiiEvT_S1_RSaIT0_E
FN:203,_ZSt8_DestroyIPSt6vectorIcSaIcEES2_EvT_S4_RSaIT0_E
FNDA:432,_ZSt8_DestroyIPSt6vectorIcSaIcEES2_EvT_S4_RSaIT0_E
FN:203,_ZSt8_DestroyIPSt4pairIiiES1_EvT_S3_RSaIT0_E
FNDA:110,_ZSt8_DestroyIPSt4pairIiiES1_EvT_S3_RSaIT0_E
FN:203,_ZSt8_DestroyIPSt6vectorIS0_IcSaIcEESaIS2_EES4_EvT_S6_RSaIT0_E
FNDA:214,_ZSt8_DestroyIPSt6vectorIS0_IcSaIcEESaIS2_EES4_EvT_S6_RSaIT0_E
DA:74,0
DA:75,0
DA:74,0
DA:75,0
DA:74,0
DA:75,0
DA:74,107
DA:75,107
DA:74,3870
DA:75,3870
DA:97,3870
DA:98,3870
DA:97,214
DA:98,214
DA:105,4302
DA:107,4302
DA:108,3870
DA:109,432
DA:105,428
DA:107,428
DA:108,214
DA:109,214
DA:117,3911
DA:117,9
DA:117,110
DA:127,3911
DA:137,3911
DA:138,3911
DA:127,9
DA:137,9
DA:138,9
DA:127,432
DA:137,432
DA:138,432
DA:127,110
DA:137,110
DA:138,110
DA:127,214
DA:137,214
DA:138,214
DA:203,3911
DA:206,3911
DA:207,3911
DA:203,9
DA:206,9
DA:207,9
DA:203,432
DA:206,432
DA:207,432
DA:203,110
DA:206,110
DA:207,110
DA:203,214
DA:206,214
DA:207,214
end_of_record
SF:/usr/include/c++/9/ext/alloc_traits.h
FN:97,_ZN9__gnu_cxx14__alloc_traitsISaIiEiE17_S_select_on_copyERKS1_
FNDA:1,_ZN9__gnu_cxx14__alloc_traitsISaIiEiE17_S_select_on_copyERKS1_
FN:97,_ZN9__gnu_cxx14__alloc_traitsISaISt6vectorIS1_IcSaIcEESaIS3_EEES5_E17_S_select_on_copyERKS6_
FNDA:103,_ZN9__gnu_cxx14__alloc_traitsISaISt6vectorIS1_IcSaIcEESaIS3_EEES5_E17_S_select_on_copyERKS6_
FN:97,_ZN9__gnu_cxx14__alloc_traitsISaISt6vectorIcSaIcEEES3_E17_S_select_on_copyERKS4_
FNDA:421,_ZN9__gnu_cxx14__alloc_traitsISaISt6vectorIcSaIcEEES3_E17_S_select_on_copyERKS4_
FN:97,_ZN9__gnu_cxx14__alloc_traitsISaIcEcE17_S_select_on_copyERKS1_
FNDA:3870,_ZN9__gnu_cxx14__alloc_traitsISaIcEcE17_S_select_on_copyERKS1_
DA:97,1
DA:98,1
DA:97,103
DA:98,103
DA:97,421
DA:98,421
DA:97,3870
DA:98,3870
end_of_record
SF:/usr/include/c++/9/bits/cpp_type_traits.h
FN:428,_ZSt12__miter_baseIPcET_S1_
FNDA:0,_ZSt12__miter_baseIPcET_S1_
FN:428,_ZSt12__miter_baseIPKcET_S2_
FNDA:72,_ZSt12__miter_baseIPKcET_S2_
FN:428,_ZSt12__miter_baseIPKiET_S2_
FNDA:4,_ZSt12__miter_baseIPKiET_S2_
FN:428,_ZSt12__miter_baseIN9__gnu_cxx17__normal_iteratorIPKiSt6vectorIiSaIiEEEEET_S8_
FNDA:2,_ZSt12__miter_baseIN9__gnu_cxx17__normal_iteratorIPKiSt6vectorIiSaIiEEEEET_S8_
FN:428,_ZSt12__miter_baseIN9__gnu_cxx17__normal_iteratorIPKcSt6vectorIcSaIcEEEEET_S8_
FNDA:7740,_ZSt12__miter_baseIN9__gnu_cxx17__normal_iteratorIPKcSt6vectorIcSaIcEEEEET_S8_
DA:428,0
DA:429,0
DA:428,72
DA:429,72
DA:428,4
DA:429,4
DA:428,2
DA:429,2
DA:428,7740
DA:429,7740
end_of_record
SF:/usr/include/c++/9/bits/allocator.h
FN:137,_ZNSaISt4pairIiiEEC2Ev
FNDA:10,_ZNSaISt4pairIiiEEC2Ev
FN:137,_ZNSaISt6vectorIS_IcSaIcEESaIS1_EEEC2Ev
FNDA:11,_ZNSaISt6vectorIS_IcSaIcEESaIS1_EEEC2Ev
FN:137,_ZNSaISt6vectorIcSaIcEEEC2Ev
FNDA:9,_ZNSaISt6vectorIcSaIcEEEC2Ev
FN:137,_ZNSaIiEC2Ev
FNDA:8,_ZNSaIiEC2Ev
FN:140,_ZNSaISt6vectorIS_IcSaIcEESaIS1_EEEC2ERKS4_
FNDA:206,_ZNSaISt6vectorIS_IcSaIcEESaIS1_EEEC2ERKS4_
FN:140,_ZNSaISt6vectorIcSaIcEEEC2ERKS2_
FNDA:862,_ZNSaISt6vectorIcSaIcEEEC2ERKS2_
FN:140,_ZNSaIiEC2ERKS_
FNDA:18,_ZNSaIiEC2ERKS_
FN:152,_ZNSaISt6vectorIcSaIcEEED2Ev
FNDA:871,_ZNSaISt6vectorIcSaIcEEED2Ev
FN:152,_ZNSaIiED2Ev
FNDA:26,_ZNSaIiED2Ev
FN:152,_ZNSaISt4pairIiiEED2Ev
FNDA:10,_ZNSaISt4pairIiiEED2Ev
FN:152,_ZNSaISt6vectorIS_IcSaIcEESaIS1_EEED2Ev
FNDA:217,_ZNSaISt6vectorIS_IcSaIcEESaIS1_EEED2Ev
DA:137,10
DA:137,11
DA:137,9
DA:137,8
DA:140,206
DA:141,206
DA:140,862
DA:141,862
DA:140,18
DA:141,18
DA:152,871
DA:152,26
DA:152,10
DA:152,217
end_of_record
SF:/usr/include/c++/9/bits/char_traits.h
FN:336,_ZNSt11char_traitsIcE6lengthEPKc
FNDA:0,_ZNSt11char_traitsIcE6lengthEPKc
DA:336,0
DA:342,0
end_of_record
SF:/usr/include/gtest/internal/gtest-internal.h
FN:442,_ZN7testing8internal15TestFactoryBaseD2Ev
FNDA:10,_ZN7testing8internal15TestFactoryBaseD2Ev
FN:442,_ZN7testing8internal15TestFactoryBaseD0Ev
FNDA:0,_ZN7testing8internal15TestFactoryBaseD0Ev
FN:449,_ZN7testing8internal15TestFactoryBaseC2Ev
FNDA:10,_ZN7testing8internal15TestFactoryBaseC2Ev
FN:460,_ZN7testing8internal15TestFactoryImplI29CopySquareTest_ValidCopy_TestE10CreateTestEv
FNDA:1,_ZN7testing8internal15TestFactoryImplI29CopySquareTest_ValidCopy_TestE10CreateTestEv
FN:460,_ZN7testing8internal15TestFactoryImplI31CopySquareTest_InvalidCopy_TestE10CreateTestEv
FNDA:1,_ZN7testing8internal15TestFactoryImplI31CopySquareTest_InvalidCopy_TestE10CreateTestEv
FN:460,_ZN7testing8internal15TestFactoryImplI28SudokuTest_GenerateGame_TestE10CreateTestEv
FNDA:1,_ZN7testing8internal15TestFactoryImplI28SudokuTest_GenerateGame_TestE10CreateTestEv
FN:460,_ZN7testing8internal15TestFactoryImplI35GenerateBoardTest_InvalidBoard_TestE10CreateTestEv
FNDA:1,_ZN7testing8internal15TestFactoryImplI35GenerateBoardTest_InvalidBoard_TestE10CreateTestEv
FN:460,_ZN7testing8internal15TestFactoryImplI33GenerateBoardTest_ValidBoard_TestE10CreateTestEv
FNDA:1,_ZN7testing8internal15TestFactoryImplI33GenerateBoardTest_ValidBoard_TestE10CreateTestEv
FN:460,_ZN7testing8internal15TestFactoryImplI29GetRand9Test_RandomOrder_TestE10CreateTestEv
FNDA:1,_ZN7testing8internal15TestFactoryImplI29GetRand9Test_RandomOrder_TestE10CreateTestEv
FN:460,_ZN7testing8internal15TestFactoryImplI32CheckBoardTest_InvalidBoard_TestE10CreateTestEv
FNDA:1,_ZN7testing8internal15TestFactoryImplI32CheckBoardTest_InvalidBoard_TestE10CreateTestEv
FN:460,_ZN7testing8internal15TestFactoryImplI30CheckBoardTest_ValidBoard_TestE10CreateTestEv
FNDA:1,_ZN7testing8internal15TestFactoryImplI30CheckBoardTest_ValidBoard_TestE10CreateTestEv
FN:460,_ZN7testing8internal15TestFactoryImplI31SudokuPlayerTest_AddResult_TestE10CreateTestEv
FNDA:1,_ZN7testing8internal15TestFactoryImplI31SudokuPlayerTest_AddResult_TestE10CreateTestEv
FN:460,_ZN7testing8internal15TestFactoryImplI33SudokuPlayerTest_SolveSudoku_TestE10CreateTestEv
FNDA:1,_ZN7testing8internal15TestFactoryImplI33SudokuPlayerTest_SolveSudoku_TestE10CreateTestEv
FN:481,_ZN7testing8internal12CodeLocationC2ERKNSt7__cxx1112basic_stringIcSt11char_traitsIcESaIcEEEi
FNDA:10,_ZN7testing8internal12CodeLocationC2ERKNSt7__cxx1112basic_stringIcSt11char_traitsIcESaIcEEEi
FN:494,_ZN7testing8internal19GetNotDefaultOrNullEPFvvES2_
FNDA:40,_ZN7testing8internal19GetNotDefaultOrNullEPFvvES2_
FN:509,_ZN7testing8internal16SuiteApiResolverINS_4TestEE19GetSetUpCaseOrSuiteEPKci
FNDA:10,_ZN7testing8internal16SuiteApiResolverINS_4TestEE19GetSetUpCaseOrSuiteEPKci
FN:524,_ZN7testing8internal16SuiteApiResolverINS_4TestEE22GetTearDownCaseOrSuiteEPKci
FNDA:10,_ZN7testing8internal16SuiteApiResolverINS_4TestEE22GetTearDownCaseOrSuiteEPKci
DA:442,0
DA:442,10
DA:449,10
DA:460,1
DA:460,1
DA:460,1
DA:460,1
DA:460,1
DA:460,1
DA:460,1
DA:460,1
DA:460,1
DA:460,1
DA:481,10
DA:482,10
DA:494,40
DA:496,40
DA:509,10
DA:512,10
DA:514,10
DA:516,10
DA:519,0
DA:521,10
DA:524,10
DA:527,10
DA:529,10
DA:531,10
DA:534,0
DA:536,10
end_of_record
SF:/home/juruo/software/gTest.cpp
FN:8,_ZN28SudokuTest_GenerateGame_TestC2Ev
FNDA:1,_ZN28SudokuTest_GenerateGame_TestC2Ev
FN:8,_ZN28SudokuTest_GenerateGame_Test8TestBodyEv
FNDA:1,_ZN28SudokuTest_GenerateGame_Test8TestBodyEv
FN:47,_ZN33SudokuPlayerTest_SolveSudoku_TestC2Ev
FNDA:1,_ZN33SudokuPlayerTest_SolveSudoku_TestC2Ev
FN:47,_ZN33SudokuPlayerTest_SolveSudoku_Test8TestBodyEv
FNDA:1,_ZN33SudokuPlayerTest_SolveSudoku_Test8TestBodyEv
FN:73,_ZN31SudokuPlayerTest_AddResult_TestC2Ev
FNDA:1,_ZN31SudokuPlayerTest_AddResult_TestC2Ev
FN:73,_ZN31SudokuPlayerTest_AddResult_Test8TestBodyEv
FNDA:1,_ZN31SudokuPlayerTest_AddResult_Test8TestBodyEv
FN:101,_ZN30CheckBoardTest_ValidBoard_TestC2Ev
FNDA:1,_ZN30CheckBoardTest_ValidBoard_TestC2Ev
FN:101,_ZN30CheckBoardTest_ValidBoard_Test8TestBodyEv
FNDA:1,_ZN30CheckBoardTest_ValidBoard_Test8TestBodyEv
FN:123,_ZN32CheckBoardTest_InvalidBoard_TestC2Ev
FNDA:1,_ZN32CheckBoardTest_InvalidBoard_TestC2Ev
FN:123,_ZN32CheckBoardTest_InvalidBoard_Test8TestBodyEv
FNDA:1,_ZN32CheckBoardTest_InvalidBoard_Test8TestBodyEv
FN:145,_ZN29GetRand9Test_RandomOrder_TestC2Ev
FNDA:1,_ZN29GetRand9Test_RandomOrder_TestC2Ev
FN:145,_ZN29GetRand9Test_RandomOrder_Test8TestBodyEv
FNDA:1,_ZN29GetRand9Test_RandomOrder_Test8TestBodyEv
FN:155,_Z16countFilledCellsRKSt6vectorIS_IcSaIcEESaIS1_EE
FNDA:2,_Z16countFilledCellsRKSt6vectorIS_IcSaIcEESaIS1_EE
FN:166,_ZN33GenerateBoardTest_ValidBoard_TestC2Ev
FNDA:1,_ZN33GenerateBoardTest_ValidBoard_TestC2Ev
FN:166,_ZN33GenerateBoardTest_ValidBoard_Test8TestBodyEv
FNDA:1,_ZN33GenerateBoardTest_ValidBoard_Test8TestBodyEv
FN:175,_ZN35GenerateBoardTest_InvalidBoard_TestC2Ev
FNDA:1,_ZN35GenerateBoardTest_InvalidBoard_TestC2Ev
FN:175,_ZN35GenerateBoardTest_InvalidBoard_Test8TestBodyEv
FNDA:1,_ZN35GenerateBoardTest_InvalidBoard_Test8TestBodyEv
FN:185,_ZN29CopySquareTest_ValidCopy_TestC2Ev
FNDA:1,_ZN29CopySquareTest_ValidCopy_TestC2Ev
FN:185,_ZN29CopySquareTest_ValidCopy_Test8TestBodyEv
FNDA:1,_ZN29CopySquareTest_ValidCopy_Test8TestBodyEv
FN:207,_ZN31CopySquareTest_InvalidCopy_TestC2Ev
FNDA:1,_ZN31CopySquareTest_InvalidCopy_TestC2Ev
FN:207,_ZN31CopySquareTest_InvalidCopy_Test8TestBodyEv
FNDA:1,_ZN31CopySquareTest_InvalidCopy_Test8TestBodyEv
FN:229,main
FNDA:1,main
DA:8,1
DA:10,1
DA:11,1
DA:12,1
DA:13,1
DA:14,1
DA:17,1
DA:18,1
DA:19,1
DA:20,1
DA:21,11
DA:23,10
DA:26,1
DA:27,1
DA:29,9
DA:32,0
DA:33,0
DA:34,0
DA:37,0
DA:38,0
DA:39,0
DA:43,1
DA:45,1
DA:8,1
DA:47,1
DA:50,2
DA:63,13
DA:66,2
DA:69,1
DA:72,1
DA:47,1
DA:73,1
DA:76,2
DA:89,13
DA:92,1
DA:95,2
DA:98,1
DA:99,1
DA:100,1
DA:73,1
DA:101,1
DA:103,1
DA:114,12
DA:117,1
DA:120,1
DA:101,1
DA:123,1
DA:125,1
DA:136,12
DA:139,1
DA:142,1
DA:123,1
DA:145,1
DA:146,1
DA:148,1
DA:151,1
DA:152,1
DA:145,1
DA:155,2
DA:156,2
DA:157,20
DA:158,180
DA:159,162
DA:160,102
DA:164,2
DA:166,1
DA:167,1
DA:169,1
DA:172,1
DA:173,1
DA:166,1
DA:175,1
DA:176,1
DA:178,1
DA:181,1
DA:182,1
DA:175,1
DA:185,1
DA:187,1
DA:188,2
DA:190,1
DA:191,4
DA:193,3
DA:194,3
DA:195,3
DA:198,1
DA:205,1
DA:185,1
DA:207,1
DA:209,1
DA:210,2
DA:212,1
DA:213,4
DA:215,3
DA:216,3
DA:217,3
DA:220,1
DA:227,1
DA:207,1
DA:229,1
DA:231,1
DA:232,1
end_of_record
